2018-11-27 14:13:29.858 INFO  org.springframework.context.annotation.AnnotationConfigApplicationContext Line:590 - Refreshing org.springframework.context.annotation.AnnotationConfigApplicationContext@4982cc36: startup date [Tue Nov 27 14:13:29 CST 2018]; root of context hierarchy
2018-11-27 14:13:30.393 INFO  org.springframework.beans.factory.annotation.AutowiredAnnotationBeanPostProcessor Line:153 - JSR-330 'javax.inject.Inject' annotation found and supported for autowiring
2018-11-27 14:13:30.430 INFO  org.springframework.context.support.PostProcessorRegistrationDelegate$BeanPostProcessorChecker Line:326 - Bean 'configurationPropertiesRebinderAutoConfiguration' of type [org.springframework.cloud.autoconfigure.ConfigurationPropertiesRebinderAutoConfiguration$$EnhancerBySpringCGLIB$$37ed8c39] is not eligible for getting processed by all BeanPostProcessors (for example: not eligible for auto-proxying)
2018-11-27 14:13:30.710 INFO  com.provide.SystemProvideApplication Line:662 - No active profile set, falling back to default profiles: default
2018-11-27 14:13:30.723 INFO  org.springframework.boot.web.servlet.context.AnnotationConfigServletWebServerApplicationContext Line:590 - Refreshing org.springframework.boot.web.servlet.context.AnnotationConfigServletWebServerApplicationContext@7b60c3e: startup date [Tue Nov 27 14:13:30 CST 2018]; parent: org.springframework.context.annotation.AnnotationConfigApplicationContext@4982cc36
2018-11-27 14:13:31.752 INFO  org.springframework.cloud.context.scope.GenericScope Line:294 - BeanFactory id=d8af0954-1459-3517-a8b8-c743de66882b
2018-11-27 14:13:31.776 INFO  org.springframework.beans.factory.annotation.AutowiredAnnotationBeanPostProcessor Line:153 - JSR-330 'javax.inject.Inject' annotation found and supported for autowiring
2018-11-27 14:13:31.894 INFO  org.springframework.context.support.PostProcessorRegistrationDelegate$BeanPostProcessorChecker Line:326 - Bean 'org.springframework.cloud.autoconfigure.ConfigurationPropertiesRebinderAutoConfiguration' of type [org.springframework.cloud.autoconfigure.ConfigurationPropertiesRebinderAutoConfiguration$$EnhancerBySpringCGLIB$$37ed8c39] is not eligible for getting processed by all BeanPostProcessors (for example: not eligible for auto-proxying)
2018-11-27 14:13:32.424 INFO  org.springframework.boot.web.embedded.tomcat.TomcatWebServer Line:91  - Tomcat initialized with port(s): 9011 (http)
2018-11-27 14:13:32.447 INFO  org.apache.catalina.core.StandardService Line:180 - Starting service [Tomcat]
2018-11-27 14:13:32.448 INFO  org.apache.catalina.core.StandardEngine Line:180 - Starting Servlet Engine: Apache Tomcat/8.5.32
2018-11-27 14:13:32.458 INFO  org.apache.catalina.core.AprLifecycleListener Line:180 - The APR based Apache Tomcat Native library which allows optimal performance in production environments was not found on the java.library.path: [D:\Program Files\Java\jre1.8.0_161\bin;C:\Windows\Sun\Java\bin;C:\Windows\system32;C:\Windows;D:/Program Files/Java/jre1.8.0_161/bin/server;D:/Program Files/Java/jre1.8.0_161/bin;D:/Program Files/Java/jre1.8.0_161/lib/amd64;C:\ProgramData\Oracle\Java\javapath;C:\Windows\system32;C:\Windows;C:\Windows\System32\Wbem;C:\Windows\System32\WindowsPowerShell\v1.0\;C:\Program Files (x86)\NVIDIA Corporation\PhysX\Common;D:\Program Files\TortoiseGit\bin;D:\Program Files\Git\cmd;D:\Program Files\Java\jdk1.8.0_161\bin;D:\Program\mysql-5.7.23-winx64\bin;C:\Program Files\nodejs\;C:\Users\Administrator\AppData\Roaming\npm;C:\Users\Administrator\Desktop;;.]
2018-11-27 14:13:32.580 INFO  org.apache.catalina.core.ContainerBase.[Tomcat].[localhost].[/] Line:180 - Initializing Spring embedded WebApplicationContext
2018-11-27 14:13:32.581 INFO  org.springframework.web.context.ContextLoader Line:285 - Root WebApplicationContext: initialization completed in 1858 ms
2018-11-27 14:13:32.782 INFO  com.netflix.config.sources.URLConfigurationSource Line:122 - To enable URLs as dynamic configuration sources, define System property archaius.configurationSource.additionalUrls or make config.properties available on classpath.
2018-11-27 14:13:32.806 INFO  com.netflix.config.DynamicPropertyFactory Line:281 - DynamicPropertyFactory is initialized with configuration sources: com.netflix.config.ConcurrentCompositeConfiguration@4d19d12e
2018-11-27 14:13:33.926 INFO  org.springframework.boot.web.servlet.FilterRegistrationBean Line:245 - Mapping filter: 'characterEncodingFilter' to: [/*]
2018-11-27 14:13:33.926 INFO  org.springframework.boot.web.servlet.FilterRegistrationBean Line:245 - Mapping filter: 'webMvcMetricsFilter' to: [/*]
2018-11-27 14:13:33.927 INFO  org.springframework.boot.web.servlet.FilterRegistrationBean Line:245 - Mapping filter: 'hiddenHttpMethodFilter' to: [/*]
2018-11-27 14:13:33.927 INFO  org.springframework.boot.web.servlet.FilterRegistrationBean Line:245 - Mapping filter: 'httpPutFormContentFilter' to: [/*]
2018-11-27 14:13:33.927 INFO  org.springframework.boot.web.servlet.FilterRegistrationBean Line:245 - Mapping filter: 'requestContextFilter' to: [/*]
2018-11-27 14:13:33.927 INFO  org.springframework.boot.web.servlet.FilterRegistrationBean Line:245 - Mapping filter: 'httpTraceFilter' to: [/*]
2018-11-27 14:13:33.928 INFO  org.springframework.boot.web.servlet.FilterRegistrationBean Line:258 - Mapping filter: 'servletContainer' to urls: [/eureka/*]
2018-11-27 14:13:33.928 INFO  org.springframework.boot.web.servlet.ServletRegistrationBean Line:187 - Servlet dispatcherServlet mapped to [/]
2018-11-27 14:13:34.010 INFO  com.sun.jersey.server.impl.application.WebApplicationImpl Line:815 - Initiating Jersey application, version 'Jersey: 1.19.1 03/11/2016 02:08 PM'
2018-11-27 14:13:34.082 INFO  com.netflix.discovery.provider.DiscoveryJerseyProvider Line:70  - Using JSON encoding codec LegacyJacksonJson
2018-11-27 14:13:34.084 INFO  com.netflix.discovery.provider.DiscoveryJerseyProvider Line:71  - Using JSON decoding codec LegacyJacksonJson
2018-11-27 14:13:34.229 INFO  com.netflix.discovery.provider.DiscoveryJerseyProvider Line:80  - Using XML encoding codec XStreamXml
2018-11-27 14:13:34.229 INFO  com.netflix.discovery.provider.DiscoveryJerseyProvider Line:81  - Using XML decoding codec XStreamXml
2018-11-27 14:13:34.552 INFO  com.netflix.config.sources.URLConfigurationSource Line:122 - To enable URLs as dynamic configuration sources, define System property archaius.configurationSource.additionalUrls or make config.properties available on classpath.
2018-11-27 14:13:34.645 INFO  org.springframework.web.servlet.handler.SimpleUrlHandlerMapping Line:373 - Mapped URL path [/**/favicon.ico] onto handler of type [class org.springframework.web.servlet.resource.ResourceHttpRequestHandler]
2018-11-27 14:13:34.869 INFO  org.springframework.web.servlet.mvc.method.annotation.RequestMappingHandlerAdapter Line:574 - Looking for @ControllerAdvice: org.springframework.boot.web.servlet.context.AnnotationConfigServletWebServerApplicationContext@7b60c3e: startup date [Tue Nov 27 14:13:30 CST 2018]; parent: org.springframework.context.annotation.AnnotationConfigApplicationContext@4982cc36
2018-11-27 14:13:34.964 INFO  org.springframework.web.servlet.mvc.method.annotation.RequestMappingHandlerMapping Line:547 - Mapped "{[/error]}" onto public org.springframework.http.ResponseEntity<java.util.Map<java.lang.String, java.lang.Object>> org.springframework.boot.autoconfigure.web.servlet.error.BasicErrorController.error(javax.servlet.http.HttpServletRequest)
2018-11-27 14:13:34.965 INFO  org.springframework.web.servlet.mvc.method.annotation.RequestMappingHandlerMapping Line:547 - Mapped "{[/error],produces=[text/html]}" onto public org.springframework.web.servlet.ModelAndView org.springframework.boot.autoconfigure.web.servlet.error.BasicErrorController.errorHtml(javax.servlet.http.HttpServletRequest,javax.servlet.http.HttpServletResponse)
2018-11-27 14:13:34.970 INFO  org.springframework.web.servlet.mvc.method.annotation.RequestMappingHandlerMapping Line:547 - Mapped "{[/],methods=[GET]}" onto public java.lang.String org.springframework.cloud.netflix.eureka.server.EurekaController.status(javax.servlet.http.HttpServletRequest,java.util.Map<java.lang.String, java.lang.Object>)
2018-11-27 14:13:34.970 INFO  org.springframework.web.servlet.mvc.method.annotation.RequestMappingHandlerMapping Line:547 - Mapped "{[/lastn],methods=[GET]}" onto public java.lang.String org.springframework.cloud.netflix.eureka.server.EurekaController.lastn(javax.servlet.http.HttpServletRequest,java.util.Map<java.lang.String, java.lang.Object>)
2018-11-27 14:13:35.007 INFO  org.springframework.web.servlet.handler.SimpleUrlHandlerMapping Line:373 - Mapped URL path [/webjars/**] onto handler of type [class org.springframework.web.servlet.resource.ResourceHttpRequestHandler]
2018-11-27 14:13:35.008 INFO  org.springframework.web.servlet.handler.SimpleUrlHandlerMapping Line:373 - Mapped URL path [/**] onto handler of type [class org.springframework.web.servlet.resource.ResourceHttpRequestHandler]
2018-11-27 14:13:35.415 INFO  org.springframework.ui.freemarker.SpringTemplateLoader Line:62  - SpringTemplateLoader for FreeMarker: using resource loader [org.springframework.boot.web.servlet.context.AnnotationConfigServletWebServerApplicationContext@7b60c3e: startup date [Tue Nov 27 14:13:30 CST 2018]; parent: org.springframework.context.annotation.AnnotationConfigApplicationContext@4982cc36] and template loader path [classpath:/templates/]
2018-11-27 14:13:35.416 INFO  org.springframework.web.servlet.view.freemarker.FreeMarkerConfigurer Line:131 - ClassTemplateLoader for Spring macros added to FreeMarker configuration
2018-11-27 14:13:35.616 INFO  org.springframework.cloud.netflix.eureka.InstanceInfoFactory Line:71  - Setting initial instance status as: STARTING
2018-11-27 14:13:35.651 INFO  com.netflix.discovery.DiscoveryClient Line:349 - Initializing Eureka in region us-east-1
2018-11-27 14:13:35.652 INFO  com.netflix.discovery.DiscoveryClient Line:352 - Client configured to neither register nor query for data.
2018-11-27 14:13:35.662 INFO  com.netflix.discovery.DiscoveryClient Line:365 - Discovery Client initialized at timestamp 1543299215660 with initial instances count: 0
2018-11-27 14:13:35.719 INFO  com.netflix.eureka.DefaultEurekaServerContext Line:63  - Initializing ...
2018-11-27 14:13:35.739 INFO  com.netflix.eureka.registry.AbstractInstanceRegistry Line:151 - Finished initializing remote region registries. All known remote regions: []
2018-11-27 14:13:35.740 INFO  com.netflix.eureka.DefaultEurekaServerContext Line:70  - Initialized
2018-11-27 14:13:35.761 INFO  org.springframework.boot.actuate.endpoint.web.EndpointLinksResolver Line:59  - Exposing 2 endpoint(s) beneath base path '/actuator'
2018-11-27 14:13:35.774 INFO  org.springframework.boot.actuate.endpoint.web.servlet.WebMvcEndpointHandlerMapping Line:547 - Mapped "{[/actuator/health],methods=[GET],produces=[application/vnd.spring-boot.actuator.v2+json || application/json]}" onto public java.lang.Object org.springframework.boot.actuate.endpoint.web.servlet.AbstractWebMvcEndpointHandlerMapping$OperationHandler.handle(javax.servlet.http.HttpServletRequest,java.util.Map<java.lang.String, java.lang.String>)
2018-11-27 14:13:35.775 INFO  org.springframework.boot.actuate.endpoint.web.servlet.WebMvcEndpointHandlerMapping Line:547 - Mapped "{[/actuator/info],methods=[GET],produces=[application/vnd.spring-boot.actuator.v2+json || application/json]}" onto public java.lang.Object org.springframework.boot.actuate.endpoint.web.servlet.AbstractWebMvcEndpointHandlerMapping$OperationHandler.handle(javax.servlet.http.HttpServletRequest,java.util.Map<java.lang.String, java.lang.String>)
2018-11-27 14:13:35.776 INFO  org.springframework.boot.actuate.endpoint.web.servlet.WebMvcEndpointHandlerMapping Line:547 - Mapped "{[/actuator],methods=[GET],produces=[application/vnd.spring-boot.actuator.v2+json || application/json]}" onto protected java.util.Map<java.lang.String, java.util.Map<java.lang.String, org.springframework.boot.actuate.endpoint.web.Link>> org.springframework.boot.actuate.endpoint.web.servlet.WebMvcEndpointHandlerMapping.links(javax.servlet.http.HttpServletRequest,javax.servlet.http.HttpServletResponse)
2018-11-27 14:13:35.830 INFO  org.springframework.jmx.export.annotation.AnnotationMBeanExporter Line:433 - Registering beans for JMX exposure on startup
2018-11-27 14:13:35.839 INFO  org.springframework.jmx.export.annotation.AnnotationMBeanExporter Line:895 - Bean with name 'environmentManager' has been autodetected for JMX exposure
2018-11-27 14:13:35.841 INFO  org.springframework.jmx.export.annotation.AnnotationMBeanExporter Line:895 - Bean with name 'configurationPropertiesRebinder' has been autodetected for JMX exposure
2018-11-27 14:13:35.841 INFO  org.springframework.jmx.export.annotation.AnnotationMBeanExporter Line:895 - Bean with name 'refreshScope' has been autodetected for JMX exposure
2018-11-27 14:13:35.844 INFO  org.springframework.jmx.export.annotation.AnnotationMBeanExporter Line:675 - Located managed bean 'environmentManager': registering with JMX server as MBean [org.springframework.cloud.context.environment:name=environmentManager,type=EnvironmentManager]
2018-11-27 14:13:35.853 INFO  org.springframework.jmx.export.annotation.AnnotationMBeanExporter Line:675 - Located managed bean 'refreshScope': registering with JMX server as MBean [org.springframework.cloud.context.scope.refresh:name=refreshScope,type=RefreshScope]
2018-11-27 14:13:35.863 INFO  org.springframework.jmx.export.annotation.AnnotationMBeanExporter Line:675 - Located managed bean 'configurationPropertiesRebinder': registering with JMX server as MBean [org.springframework.cloud.context.properties:name=configurationPropertiesRebinder,context=7b60c3e,type=ConfigurationPropertiesRebinder]
2018-11-27 14:13:35.874 INFO  org.springframework.context.support.DefaultLifecycleProcessor Line:351 - Starting beans in phase 0
2018-11-27 14:13:35.880 INFO  org.springframework.cloud.netflix.eureka.serviceregistry.EurekaServiceRegistry Line:42  - Registering application systemProvide with eureka with status UP
2018-11-27 14:13:35.887 INFO  org.springframework.cloud.netflix.eureka.server.EurekaServerBootstrap Line:109 - Setting the eureka configuration..
2018-11-27 14:13:35.887 INFO  org.springframework.cloud.netflix.eureka.server.EurekaServerBootstrap Line:114 - Eureka data center value eureka.datacenter is not set, defaulting to default
2018-11-27 14:13:35.888 INFO  org.springframework.cloud.netflix.eureka.server.EurekaServerBootstrap Line:128 - Eureka environment value eureka.environment is not set, defaulting to test
2018-11-27 14:13:35.905 INFO  org.springframework.cloud.netflix.eureka.server.EurekaServerBootstrap Line:184 - isAws returned false
2018-11-27 14:13:35.906 INFO  org.springframework.cloud.netflix.eureka.server.EurekaServerBootstrap Line:152 - Initialized server context
2018-11-27 14:13:35.906 INFO  com.netflix.eureka.registry.PeerAwareInstanceRegistryImpl Line:242 - Got 1 instances from neighboring DS node
2018-11-27 14:13:35.906 INFO  com.netflix.eureka.registry.PeerAwareInstanceRegistryImpl Line:243 - Renew threshold is: 1
2018-11-27 14:13:35.906 INFO  com.netflix.eureka.registry.PeerAwareInstanceRegistryImpl Line:254 - Changing status to UP
2018-11-27 14:13:35.922 INFO  org.springframework.cloud.netflix.eureka.server.EurekaServerInitializerConfiguration Line:72  - Started Eureka Server
2018-11-27 14:13:35.939 INFO  org.springframework.boot.web.embedded.tomcat.TomcatWebServer Line:206 - Tomcat started on port(s): 9011 (http) with context path ''
2018-11-27 14:13:35.940 INFO  org.springframework.cloud.netflix.eureka.serviceregistry.EurekaAutoServiceRegistration Line:124 - Updating port to 9011
2018-11-27 14:13:35.942 INFO  com.provide.SystemProvideApplication Line:59  - Started SystemProvideApplication in 6.733 seconds (JVM running for 7.517)
2018-11-27 14:14:18.136 INFO  org.apache.catalina.core.ContainerBase.[Tomcat].[localhost].[/] Line:180 - Initializing Spring FrameworkServlet 'dispatcherServlet'
2018-11-27 14:14:18.136 INFO  org.springframework.web.servlet.DispatcherServlet Line:494 - FrameworkServlet 'dispatcherServlet': initialization started
2018-11-27 14:14:18.160 INFO  org.springframework.web.servlet.DispatcherServlet Line:509 - FrameworkServlet 'dispatcherServlet': initialization completed in 24 ms
2018-11-27 14:14:18.581 INFO  com.netflix.eureka.registry.AbstractInstanceRegistry Line:269 - Registered instance SYSTEMADMIN/PC-201CINU:systemAdmin:9012 with status UP (replication=false)
2018-11-27 14:14:35.908 INFO  com.netflix.eureka.registry.AbstractInstanceRegistry Line:1247 - Running the evict task with compensationTime 0ms
2018-11-27 14:15:29.718 INFO  com.netflix.eureka.registry.AbstractInstanceRegistry Line:269 - Registered instance SYSTEMGAME/PC-201CINU:systemGame:8013 with status UP (replication=false)
2018-11-27 14:15:35.908 INFO  com.netflix.eureka.registry.AbstractInstanceRegistry Line:1247 - Running the evict task with compensationTime 0ms
2018-11-27 14:16:35.908 INFO  com.netflix.eureka.registry.AbstractInstanceRegistry Line:1247 - Running the evict task with compensationTime 0ms
2018-11-27 14:17:35.908 INFO  com.netflix.eureka.registry.AbstractInstanceRegistry Line:1247 - Running the evict task with compensationTime 0ms
2018-11-27 14:18:35.908 INFO  com.netflix.eureka.registry.AbstractInstanceRegistry Line:1247 - Running the evict task with compensationTime 0ms
2018-11-27 14:19:35.908 INFO  com.netflix.eureka.registry.AbstractInstanceRegistry Line:1247 - Running the evict task with compensationTime 0ms
2018-11-27 14:20:35.908 INFO  com.netflix.eureka.registry.AbstractInstanceRegistry Line:1247 - Running the evict task with compensationTime 0ms
2018-11-27 14:21:35.908 INFO  com.netflix.eureka.registry.AbstractInstanceRegistry Line:1247 - Running the evict task with compensationTime 0ms
2018-11-27 14:22:35.908 INFO  com.netflix.eureka.registry.AbstractInstanceRegistry Line:1247 - Running the evict task with compensationTime 0ms
2018-11-27 14:23:35.908 INFO  com.netflix.eureka.registry.AbstractInstanceRegistry Line:1247 - Running the evict task with compensationTime 0ms
2018-11-27 14:24:35.908 INFO  com.netflix.eureka.registry.AbstractInstanceRegistry Line:1247 - Running the evict task with compensationTime 0ms
2018-11-27 14:25:35.908 INFO  com.netflix.eureka.registry.AbstractInstanceRegistry Line:1247 - Running the evict task with compensationTime 0ms
2018-11-27 14:26:35.908 INFO  com.netflix.eureka.registry.AbstractInstanceRegistry Line:1247 - Running the evict task with compensationTime 0ms
2018-11-27 14:27:35.908 INFO  com.netflix.eureka.registry.AbstractInstanceRegistry Line:1247 - Running the evict task with compensationTime 0ms
2018-11-27 14:28:35.739 INFO  com.netflix.eureka.registry.PeerAwareInstanceRegistryImpl Line:541 - Current renewal threshold is : 5
2018-11-27 14:28:35.908 INFO  com.netflix.eureka.registry.AbstractInstanceRegistry Line:1247 - Running the evict task with compensationTime 0ms
2018-11-27 14:29:35.908 INFO  com.netflix.eureka.registry.AbstractInstanceRegistry Line:1247 - Running the evict task with compensationTime 0ms
2018-11-27 14:30:35.908 INFO  com.netflix.eureka.registry.AbstractInstanceRegistry Line:1247 - Running the evict task with compensationTime 0ms
2018-11-27 14:31:35.908 INFO  com.netflix.eureka.registry.AbstractInstanceRegistry Line:1247 - Running the evict task with compensationTime 0ms
2018-11-27 14:32:35.908 INFO  com.netflix.eureka.registry.AbstractInstanceRegistry Line:1247 - Running the evict task with compensationTime 0ms
2018-11-27 14:33:35.908 INFO  com.netflix.eureka.registry.AbstractInstanceRegistry Line:1247 - Running the evict task with compensationTime 0ms
2018-11-27 14:34:35.908 INFO  com.netflix.eureka.registry.AbstractInstanceRegistry Line:1247 - Running the evict task with compensationTime 0ms
2018-11-27 14:35:35.908 INFO  com.netflix.eureka.registry.AbstractInstanceRegistry Line:1247 - Running the evict task with compensationTime 0ms
2018-11-27 14:36:35.908 INFO  com.netflix.eureka.registry.AbstractInstanceRegistry Line:1247 - Running the evict task with compensationTime 0ms
2018-11-27 14:37:35.908 INFO  com.netflix.eureka.registry.AbstractInstanceRegistry Line:1247 - Running the evict task with compensationTime 0ms
2018-11-27 14:38:35.908 INFO  com.netflix.eureka.registry.AbstractInstanceRegistry Line:1247 - Running the evict task with compensationTime 0ms
2018-11-27 14:39:35.908 INFO  com.netflix.eureka.registry.AbstractInstanceRegistry Line:1247 - Running the evict task with compensationTime 0ms
2018-11-27 14:40:35.908 INFO  com.netflix.eureka.registry.AbstractInstanceRegistry Line:1247 - Running the evict task with compensationTime 0ms
2018-11-27 14:41:35.908 INFO  com.netflix.eureka.registry.AbstractInstanceRegistry Line:1247 - Running the evict task with compensationTime 0ms
2018-11-27 14:42:35.908 INFO  com.netflix.eureka.registry.AbstractInstanceRegistry Line:1247 - Running the evict task with compensationTime 0ms
2018-11-27 14:43:35.739 INFO  com.netflix.eureka.registry.PeerAwareInstanceRegistryImpl Line:541 - Current renewal threshold is : 5
2018-11-27 14:43:35.908 INFO  com.netflix.eureka.registry.AbstractInstanceRegistry Line:1247 - Running the evict task with compensationTime 0ms
2018-11-27 14:44:35.908 INFO  com.netflix.eureka.registry.AbstractInstanceRegistry Line:1247 - Running the evict task with compensationTime 0ms
2018-11-27 14:45:35.908 INFO  com.netflix.eureka.registry.AbstractInstanceRegistry Line:1247 - Running the evict task with compensationTime 0ms
2018-11-27 14:46:35.908 INFO  com.netflix.eureka.registry.AbstractInstanceRegistry Line:1247 - Running the evict task with compensationTime 0ms
2018-11-27 14:47:35.908 INFO  com.netflix.eureka.registry.AbstractInstanceRegistry Line:1247 - Running the evict task with compensationTime 0ms
2018-11-27 14:48:35.908 INFO  com.netflix.eureka.registry.AbstractInstanceRegistry Line:1247 - Running the evict task with compensationTime 0ms
2018-11-27 14:49:35.908 INFO  com.netflix.eureka.registry.AbstractInstanceRegistry Line:1247 - Running the evict task with compensationTime 0ms
2018-11-27 14:50:35.908 INFO  com.netflix.eureka.registry.AbstractInstanceRegistry Line:1247 - Running the evict task with compensationTime 0ms
2018-11-27 14:51:35.908 INFO  com.netflix.eureka.registry.AbstractInstanceRegistry Line:1247 - Running the evict task with compensationTime 0ms
2018-11-27 14:52:35.908 INFO  com.netflix.eureka.registry.AbstractInstanceRegistry Line:1247 - Running the evict task with compensationTime 0ms
2018-11-27 14:53:35.908 INFO  com.netflix.eureka.registry.AbstractInstanceRegistry Line:1247 - Running the evict task with compensationTime 0ms
2018-11-27 14:54:35.908 INFO  com.netflix.eureka.registry.AbstractInstanceRegistry Line:1247 - Running the evict task with compensationTime 0ms
2018-11-27 14:55:35.908 INFO  com.netflix.eureka.registry.AbstractInstanceRegistry Line:1247 - Running the evict task with compensationTime 0ms
2018-11-27 14:56:35.908 INFO  com.netflix.eureka.registry.AbstractInstanceRegistry Line:1247 - Running the evict task with compensationTime 0ms
2018-11-27 14:57:35.908 INFO  com.netflix.eureka.registry.AbstractInstanceRegistry Line:1247 - Running the evict task with compensationTime 0ms
2018-11-27 14:58:35.739 INFO  com.netflix.eureka.registry.PeerAwareInstanceRegistryImpl Line:541 - Current renewal threshold is : 5
2018-11-27 14:58:35.908 INFO  com.netflix.eureka.registry.AbstractInstanceRegistry Line:1247 - Running the evict task with compensationTime 0ms
2018-11-27 14:59:35.908 INFO  com.netflix.eureka.registry.AbstractInstanceRegistry Line:1247 - Running the evict task with compensationTime 0ms
2018-11-27 15:00:35.908 INFO  com.netflix.eureka.registry.AbstractInstanceRegistry Line:1247 - Running the evict task with compensationTime 0ms
2018-11-27 15:01:35.908 INFO  com.netflix.eureka.registry.AbstractInstanceRegistry Line:1247 - Running the evict task with compensationTime 0ms
2018-11-27 15:02:35.908 INFO  com.netflix.eureka.registry.AbstractInstanceRegistry Line:1247 - Running the evict task with compensationTime 0ms
2018-11-27 15:03:35.908 INFO  com.netflix.eureka.registry.AbstractInstanceRegistry Line:1247 - Running the evict task with compensationTime 0ms
2018-11-27 15:04:35.908 INFO  com.netflix.eureka.registry.AbstractInstanceRegistry Line:1247 - Running the evict task with compensationTime 0ms
2018-11-27 15:05:35.908 INFO  com.netflix.eureka.registry.AbstractInstanceRegistry Line:1247 - Running the evict task with compensationTime 0ms
2018-11-27 15:06:35.908 INFO  com.netflix.eureka.registry.AbstractInstanceRegistry Line:1247 - Running the evict task with compensationTime 0ms
2018-11-27 15:07:35.908 INFO  com.netflix.eureka.registry.AbstractInstanceRegistry Line:1247 - Running the evict task with compensationTime 0ms
2018-11-27 15:08:35.908 INFO  com.netflix.eureka.registry.AbstractInstanceRegistry Line:1247 - Running the evict task with compensationTime 0ms
2018-11-27 15:09:35.908 INFO  com.netflix.eureka.registry.AbstractInstanceRegistry Line:1247 - Running the evict task with compensationTime 0ms
2018-11-27 15:10:35.908 INFO  com.netflix.eureka.registry.AbstractInstanceRegistry Line:1247 - Running the evict task with compensationTime 0ms
2018-11-27 15:11:35.908 INFO  com.netflix.eureka.registry.AbstractInstanceRegistry Line:1247 - Running the evict task with compensationTime 0ms
2018-11-27 15:12:35.908 INFO  com.netflix.eureka.registry.AbstractInstanceRegistry Line:1247 - Running the evict task with compensationTime 0ms
2018-11-27 15:13:35.739 INFO  com.netflix.eureka.registry.PeerAwareInstanceRegistryImpl Line:541 - Current renewal threshold is : 5
2018-11-27 15:13:35.908 INFO  com.netflix.eureka.registry.AbstractInstanceRegistry Line:1247 - Running the evict task with compensationTime 0ms
2018-11-27 15:14:35.908 INFO  com.netflix.eureka.registry.AbstractInstanceRegistry Line:1247 - Running the evict task with compensationTime 0ms
2018-11-27 15:15:35.908 INFO  com.netflix.eureka.registry.AbstractInstanceRegistry Line:1247 - Running the evict task with compensationTime 0ms
2018-11-27 15:16:35.908 INFO  com.netflix.eureka.registry.AbstractInstanceRegistry Line:1247 - Running the evict task with compensationTime 0ms
2018-11-27 15:17:35.908 INFO  com.netflix.eureka.registry.AbstractInstanceRegistry Line:1247 - Running the evict task with compensationTime 0ms
2018-11-27 15:18:35.908 INFO  com.netflix.eureka.registry.AbstractInstanceRegistry Line:1247 - Running the evict task with compensationTime 0ms
2018-11-27 15:19:35.908 INFO  com.netflix.eureka.registry.AbstractInstanceRegistry Line:1247 - Running the evict task with compensationTime 0ms
2018-11-27 15:20:35.908 INFO  com.netflix.eureka.registry.AbstractInstanceRegistry Line:1247 - Running the evict task with compensationTime 0ms
2018-11-27 15:21:35.908 INFO  com.netflix.eureka.registry.AbstractInstanceRegistry Line:1247 - Running the evict task with compensationTime 0ms
2018-11-27 15:22:35.908 INFO  com.netflix.eureka.registry.AbstractInstanceRegistry Line:1247 - Running the evict task with compensationTime 0ms
2018-11-27 15:23:35.908 INFO  com.netflix.eureka.registry.AbstractInstanceRegistry Line:1247 - Running the evict task with compensationTime 0ms
2018-11-27 15:24:35.908 INFO  com.netflix.eureka.registry.AbstractInstanceRegistry Line:1247 - Running the evict task with compensationTime 0ms
2018-11-27 15:25:35.908 INFO  com.netflix.eureka.registry.AbstractInstanceRegistry Line:1247 - Running the evict task with compensationTime 0ms
2018-11-27 15:26:35.908 INFO  com.netflix.eureka.registry.AbstractInstanceRegistry Line:1247 - Running the evict task with compensationTime 0ms
2018-11-27 15:27:35.908 INFO  com.netflix.eureka.registry.AbstractInstanceRegistry Line:1247 - Running the evict task with compensationTime 0ms
2018-11-27 15:28:35.739 INFO  com.netflix.eureka.registry.PeerAwareInstanceRegistryImpl Line:541 - Current renewal threshold is : 5
2018-11-27 15:28:35.908 INFO  com.netflix.eureka.registry.AbstractInstanceRegistry Line:1247 - Running the evict task with compensationTime 0ms
2018-11-27 15:29:35.908 INFO  com.netflix.eureka.registry.AbstractInstanceRegistry Line:1247 - Running the evict task with compensationTime 0ms
2018-11-27 15:30:35.908 INFO  com.netflix.eureka.registry.AbstractInstanceRegistry Line:1247 - Running the evict task with compensationTime 0ms
2018-11-27 15:31:35.908 INFO  com.netflix.eureka.registry.AbstractInstanceRegistry Line:1247 - Running the evict task with compensationTime 0ms
2018-11-27 15:32:35.908 INFO  com.netflix.eureka.registry.AbstractInstanceRegistry Line:1247 - Running the evict task with compensationTime 0ms
2018-11-27 15:33:35.908 INFO  com.netflix.eureka.registry.AbstractInstanceRegistry Line:1247 - Running the evict task with compensationTime 0ms
2018-11-27 15:34:35.908 INFO  com.netflix.eureka.registry.AbstractInstanceRegistry Line:1247 - Running the evict task with compensationTime 0ms
2018-11-27 15:35:35.908 INFO  com.netflix.eureka.registry.AbstractInstanceRegistry Line:1247 - Running the evict task with compensationTime 0ms
2018-11-27 15:36:35.908 INFO  com.netflix.eureka.registry.AbstractInstanceRegistry Line:1247 - Running the evict task with compensationTime 0ms
2018-11-27 15:37:35.908 INFO  com.netflix.eureka.registry.AbstractInstanceRegistry Line:1247 - Running the evict task with compensationTime 0ms
2018-11-27 15:38:35.908 INFO  com.netflix.eureka.registry.AbstractInstanceRegistry Line:1247 - Running the evict task with compensationTime 0ms
2018-11-27 15:39:35.908 INFO  com.netflix.eureka.registry.AbstractInstanceRegistry Line:1247 - Running the evict task with compensationTime 0ms
2018-11-27 15:40:35.908 INFO  com.netflix.eureka.registry.AbstractInstanceRegistry Line:1247 - Running the evict task with compensationTime 0ms
2018-11-27 15:41:35.908 INFO  com.netflix.eureka.registry.AbstractInstanceRegistry Line:1247 - Running the evict task with compensationTime 0ms
2018-11-27 15:42:35.908 INFO  com.netflix.eureka.registry.AbstractInstanceRegistry Line:1247 - Running the evict task with compensationTime 0ms
2018-11-27 15:43:35.739 INFO  com.netflix.eureka.registry.PeerAwareInstanceRegistryImpl Line:541 - Current renewal threshold is : 5
2018-11-27 15:43:35.908 INFO  com.netflix.eureka.registry.AbstractInstanceRegistry Line:1247 - Running the evict task with compensationTime 0ms
2018-11-27 15:44:35.908 INFO  com.netflix.eureka.registry.AbstractInstanceRegistry Line:1247 - Running the evict task with compensationTime 0ms
2018-11-27 15:45:35.908 INFO  com.netflix.eureka.registry.AbstractInstanceRegistry Line:1247 - Running the evict task with compensationTime 0ms
2018-11-27 15:46:35.908 INFO  com.netflix.eureka.registry.AbstractInstanceRegistry Line:1247 - Running the evict task with compensationTime 0ms
2018-11-27 15:47:35.908 INFO  com.netflix.eureka.registry.AbstractInstanceRegistry Line:1247 - Running the evict task with compensationTime 0ms
2018-11-27 15:48:35.908 INFO  com.netflix.eureka.registry.AbstractInstanceRegistry Line:1247 - Running the evict task with compensationTime 0ms
2018-11-27 15:49:35.908 INFO  com.netflix.eureka.registry.AbstractInstanceRegistry Line:1247 - Running the evict task with compensationTime 0ms
2018-11-27 15:50:35.908 INFO  com.netflix.eureka.registry.AbstractInstanceRegistry Line:1247 - Running the evict task with compensationTime 0ms
2018-11-27 15:51:35.908 INFO  com.netflix.eureka.registry.AbstractInstanceRegistry Line:1247 - Running the evict task with compensationTime 0ms
2018-11-27 15:52:35.908 INFO  com.netflix.eureka.registry.AbstractInstanceRegistry Line:1247 - Running the evict task with compensationTime 0ms
2018-11-27 15:53:35.908 INFO  com.netflix.eureka.registry.AbstractInstanceRegistry Line:1247 - Running the evict task with compensationTime 0ms
2018-11-27 15:54:35.908 INFO  com.netflix.eureka.registry.AbstractInstanceRegistry Line:1247 - Running the evict task with compensationTime 0ms
2018-11-27 15:55:35.908 INFO  com.netflix.eureka.registry.AbstractInstanceRegistry Line:1247 - Running the evict task with compensationTime 0ms
2018-11-27 15:56:35.908 INFO  com.netflix.eureka.registry.AbstractInstanceRegistry Line:1247 - Running the evict task with compensationTime 0ms
2018-11-27 15:57:35.908 INFO  com.netflix.eureka.registry.AbstractInstanceRegistry Line:1247 - Running the evict task with compensationTime 0ms
2018-11-27 15:58:35.739 INFO  com.netflix.eureka.registry.PeerAwareInstanceRegistryImpl Line:541 - Current renewal threshold is : 5
2018-11-27 15:58:35.908 INFO  com.netflix.eureka.registry.AbstractInstanceRegistry Line:1247 - Running the evict task with compensationTime 0ms
2018-11-27 15:59:35.908 INFO  com.netflix.eureka.registry.AbstractInstanceRegistry Line:1247 - Running the evict task with compensationTime 0ms
2018-11-27 16:00:35.908 INFO  com.netflix.eureka.registry.AbstractInstanceRegistry Line:1247 - Running the evict task with compensationTime 0ms
2018-11-27 16:01:35.908 INFO  com.netflix.eureka.registry.AbstractInstanceRegistry Line:1247 - Running the evict task with compensationTime 0ms
2018-11-27 16:02:35.908 INFO  com.netflix.eureka.registry.AbstractInstanceRegistry Line:1247 - Running the evict task with compensationTime 0ms
2018-11-27 16:03:35.908 INFO  com.netflix.eureka.registry.AbstractInstanceRegistry Line:1247 - Running the evict task with compensationTime 0ms
2018-11-27 16:04:35.908 INFO  com.netflix.eureka.registry.AbstractInstanceRegistry Line:1247 - Running the evict task with compensationTime 0ms
2018-11-27 16:05:35.908 INFO  com.netflix.eureka.registry.AbstractInstanceRegistry Line:1247 - Running the evict task with compensationTime 0ms
2018-11-27 16:06:35.908 INFO  com.netflix.eureka.registry.AbstractInstanceRegistry Line:1247 - Running the evict task with compensationTime 0ms
2018-11-27 16:07:35.908 INFO  com.netflix.eureka.registry.AbstractInstanceRegistry Line:1247 - Running the evict task with compensationTime 0ms
2018-11-27 16:08:35.908 INFO  com.netflix.eureka.registry.AbstractInstanceRegistry Line:1247 - Running the evict task with compensationTime 0ms
2018-11-27 16:09:35.908 INFO  com.netflix.eureka.registry.AbstractInstanceRegistry Line:1247 - Running the evict task with compensationTime 0ms
2018-11-27 16:10:35.908 INFO  com.netflix.eureka.registry.AbstractInstanceRegistry Line:1247 - Running the evict task with compensationTime 0ms
2018-11-27 16:11:35.908 INFO  com.netflix.eureka.registry.AbstractInstanceRegistry Line:1247 - Running the evict task with compensationTime 0ms
2018-11-27 16:12:35.908 INFO  com.netflix.eureka.registry.AbstractInstanceRegistry Line:1247 - Running the evict task with compensationTime 0ms
2018-11-27 16:13:35.739 INFO  com.netflix.eureka.registry.PeerAwareInstanceRegistryImpl Line:541 - Current renewal threshold is : 5
2018-11-27 16:13:35.908 INFO  com.netflix.eureka.registry.AbstractInstanceRegistry Line:1247 - Running the evict task with compensationTime 0ms
2018-11-27 16:14:35.908 INFO  com.netflix.eureka.registry.AbstractInstanceRegistry Line:1247 - Running the evict task with compensationTime 0ms
2018-11-27 16:15:35.908 INFO  com.netflix.eureka.registry.AbstractInstanceRegistry Line:1247 - Running the evict task with compensationTime 0ms
2018-11-27 16:16:35.908 INFO  com.netflix.eureka.registry.AbstractInstanceRegistry Line:1247 - Running the evict task with compensationTime 0ms
2018-11-27 16:17:35.908 INFO  com.netflix.eureka.registry.AbstractInstanceRegistry Line:1247 - Running the evict task with compensationTime 0ms
2018-11-27 16:18:35.908 INFO  com.netflix.eureka.registry.AbstractInstanceRegistry Line:1247 - Running the evict task with compensationTime 0ms
2018-11-27 16:19:35.908 INFO  com.netflix.eureka.registry.AbstractInstanceRegistry Line:1247 - Running the evict task with compensationTime 0ms
2018-11-27 16:20:35.908 INFO  com.netflix.eureka.registry.AbstractInstanceRegistry Line:1247 - Running the evict task with compensationTime 0ms
2018-11-27 16:21:35.908 INFO  com.netflix.eureka.registry.AbstractInstanceRegistry Line:1247 - Running the evict task with compensationTime 0ms
2018-11-27 16:22:35.908 INFO  com.netflix.eureka.registry.AbstractInstanceRegistry Line:1247 - Running the evict task with compensationTime 0ms
2018-11-27 16:23:35.908 INFO  com.netflix.eureka.registry.AbstractInstanceRegistry Line:1247 - Running the evict task with compensationTime 0ms
2018-11-27 16:24:35.908 INFO  com.netflix.eureka.registry.AbstractInstanceRegistry Line:1247 - Running the evict task with compensationTime 0ms
2018-11-27 16:25:35.908 INFO  com.netflix.eureka.registry.AbstractInstanceRegistry Line:1247 - Running the evict task with compensationTime 0ms
2018-11-27 16:26:35.908 INFO  com.netflix.eureka.registry.AbstractInstanceRegistry Line:1247 - Running the evict task with compensationTime 0ms
2018-11-27 16:27:35.908 INFO  com.netflix.eureka.registry.AbstractInstanceRegistry Line:1247 - Running the evict task with compensationTime 0ms
2018-11-27 16:28:35.739 INFO  com.netflix.eureka.registry.PeerAwareInstanceRegistryImpl Line:541 - Current renewal threshold is : 5
2018-11-27 16:28:35.908 INFO  com.netflix.eureka.registry.AbstractInstanceRegistry Line:1247 - Running the evict task with compensationTime 0ms
2018-11-27 16:29:35.908 INFO  com.netflix.eureka.registry.AbstractInstanceRegistry Line:1247 - Running the evict task with compensationTime 0ms
2018-11-27 16:30:35.908 INFO  com.netflix.eureka.registry.AbstractInstanceRegistry Line:1247 - Running the evict task with compensationTime 0ms
2018-11-27 16:31:35.908 INFO  com.netflix.eureka.registry.AbstractInstanceRegistry Line:1247 - Running the evict task with compensationTime 0ms
2018-11-27 16:32:35.908 INFO  com.netflix.eureka.registry.AbstractInstanceRegistry Line:1247 - Running the evict task with compensationTime 0ms
2018-11-27 16:33:35.908 INFO  com.netflix.eureka.registry.AbstractInstanceRegistry Line:1247 - Running the evict task with compensationTime 0ms
2018-11-27 16:34:35.908 INFO  com.netflix.eureka.registry.AbstractInstanceRegistry Line:1247 - Running the evict task with compensationTime 0ms
2018-11-27 16:35:35.908 INFO  com.netflix.eureka.registry.AbstractInstanceRegistry Line:1247 - Running the evict task with compensationTime 0ms
2018-11-27 16:36:35.908 INFO  com.netflix.eureka.registry.AbstractInstanceRegistry Line:1247 - Running the evict task with compensationTime 0ms
2018-11-27 16:37:35.908 INFO  com.netflix.eureka.registry.AbstractInstanceRegistry Line:1247 - Running the evict task with compensationTime 0ms
2018-11-27 16:38:35.908 INFO  com.netflix.eureka.registry.AbstractInstanceRegistry Line:1247 - Running the evict task with compensationTime 0ms
2018-11-27 16:39:35.908 INFO  com.netflix.eureka.registry.AbstractInstanceRegistry Line:1247 - Running the evict task with compensationTime 0ms
2018-11-27 16:40:35.908 INFO  com.netflix.eureka.registry.AbstractInstanceRegistry Line:1247 - Running the evict task with compensationTime 0ms
2018-11-27 16:41:35.908 INFO  com.netflix.eureka.registry.AbstractInstanceRegistry Line:1247 - Running the evict task with compensationTime 0ms
2018-11-27 16:42:35.908 INFO  com.netflix.eureka.registry.AbstractInstanceRegistry Line:1247 - Running the evict task with compensationTime 0ms
2018-11-27 16:43:35.739 INFO  com.netflix.eureka.registry.PeerAwareInstanceRegistryImpl Line:541 - Current renewal threshold is : 5
2018-11-27 16:43:35.908 INFO  com.netflix.eureka.registry.AbstractInstanceRegistry Line:1247 - Running the evict task with compensationTime 0ms
2018-11-27 16:44:35.908 INFO  com.netflix.eureka.registry.AbstractInstanceRegistry Line:1247 - Running the evict task with compensationTime 0ms
2018-11-27 16:45:35.908 INFO  com.netflix.eureka.registry.AbstractInstanceRegistry Line:1247 - Running the evict task with compensationTime 0ms
2018-11-27 16:46:35.908 INFO  com.netflix.eureka.registry.AbstractInstanceRegistry Line:1247 - Running the evict task with compensationTime 0ms
2018-11-27 16:47:35.908 INFO  com.netflix.eureka.registry.AbstractInstanceRegistry Line:1247 - Running the evict task with compensationTime 0ms
2018-11-27 16:48:35.908 INFO  com.netflix.eureka.registry.AbstractInstanceRegistry Line:1247 - Running the evict task with compensationTime 0ms
2018-11-27 16:49:35.908 INFO  com.netflix.eureka.registry.AbstractInstanceRegistry Line:1247 - Running the evict task with compensationTime 0ms
2018-11-27 16:50:35.908 INFO  com.netflix.eureka.registry.AbstractInstanceRegistry Line:1247 - Running the evict task with compensationTime 0ms
2018-11-27 16:51:35.908 INFO  com.netflix.eureka.registry.AbstractInstanceRegistry Line:1247 - Running the evict task with compensationTime 0ms
2018-11-27 16:52:35.908 INFO  com.netflix.eureka.registry.AbstractInstanceRegistry Line:1247 - Running the evict task with compensationTime 0ms
2018-11-27 16:53:35.908 INFO  com.netflix.eureka.registry.AbstractInstanceRegistry Line:1247 - Running the evict task with compensationTime 0ms
2018-11-27 16:54:35.908 INFO  com.netflix.eureka.registry.AbstractInstanceRegistry Line:1247 - Running the evict task with compensationTime 0ms
2018-11-27 16:55:35.908 INFO  com.netflix.eureka.registry.AbstractInstanceRegistry Line:1247 - Running the evict task with compensationTime 0ms
2018-11-27 16:56:35.908 INFO  com.netflix.eureka.registry.AbstractInstanceRegistry Line:1247 - Running the evict task with compensationTime 0ms
2018-11-27 16:57:35.908 INFO  com.netflix.eureka.registry.AbstractInstanceRegistry Line:1247 - Running the evict task with compensationTime 0ms
2018-11-27 16:58:35.739 INFO  com.netflix.eureka.registry.PeerAwareInstanceRegistryImpl Line:541 - Current renewal threshold is : 5
2018-11-27 16:58:35.908 INFO  com.netflix.eureka.registry.AbstractInstanceRegistry Line:1247 - Running the evict task with compensationTime 0ms
2018-11-27 16:59:35.908 INFO  com.netflix.eureka.registry.AbstractInstanceRegistry Line:1247 - Running the evict task with compensationTime 0ms
2018-11-27 17:00:35.908 INFO  com.netflix.eureka.registry.AbstractInstanceRegistry Line:1247 - Running the evict task with compensationTime 0ms
2018-11-27 17:01:35.908 INFO  com.netflix.eureka.registry.AbstractInstanceRegistry Line:1247 - Running the evict task with compensationTime 0ms
2018-11-27 17:02:35.908 INFO  com.netflix.eureka.registry.AbstractInstanceRegistry Line:1247 - Running the evict task with compensationTime 0ms
2018-11-27 17:03:35.908 INFO  com.netflix.eureka.registry.AbstractInstanceRegistry Line:1247 - Running the evict task with compensationTime 0ms
2018-11-27 17:04:35.908 INFO  com.netflix.eureka.registry.AbstractInstanceRegistry Line:1247 - Running the evict task with compensationTime 0ms
2018-11-27 17:05:35.908 INFO  com.netflix.eureka.registry.AbstractInstanceRegistry Line:1247 - Running the evict task with compensationTime 0ms
2018-11-27 17:06:35.908 INFO  com.netflix.eureka.registry.AbstractInstanceRegistry Line:1247 - Running the evict task with compensationTime 0ms
2018-11-27 17:07:35.908 INFO  com.netflix.eureka.registry.AbstractInstanceRegistry Line:1247 - Running the evict task with compensationTime 0ms
2018-11-27 17:08:35.908 INFO  com.netflix.eureka.registry.AbstractInstanceRegistry Line:1247 - Running the evict task with compensationTime 0ms
2018-11-27 17:09:35.908 INFO  com.netflix.eureka.registry.AbstractInstanceRegistry Line:1247 - Running the evict task with compensationTime 0ms
