2018-11-27 14:14:05.113 INFO  org.springframework.context.annotation.AnnotationConfigApplicationContext Line:99  - Refreshing org.springframework.context.annotation.AnnotationConfigApplicationContext@3081f72c: startup date [Tue Nov 27 14:14:05 CST 2018]; root of context hierarchy
2018-11-27 14:14:05.501 INFO  org.springframework.beans.factory.annotation.AutowiredAnnotationBeanPostProcessor Line:99  - JSR-330 'javax.inject.Inject' annotation found and supported for autowiring
2018-11-27 14:14:05.536 INFO  org.springframework.context.support.PostProcessorRegistrationDelegate$BeanPostProcessorChecker Line:99  - Bean 'configurationPropertiesRebinderAutoConfiguration' of type [org.springframework.cloud.autoconfigure.ConfigurationPropertiesRebinderAutoConfiguration$$EnhancerBySpringCGLIB$$55ff0b57] is not eligible for getting processed by all BeanPostProcessors (for example: not eligible for auto-proxying)
2018-11-27 14:14:05.803 INFO  com.system.SystemAdminApplication Line:99  - No active profile set, falling back to default profiles: default
2018-11-27 14:14:05.819 INFO  org.springframework.boot.web.servlet.context.AnnotationConfigServletWebServerApplicationContext Line:99  - Refreshing org.springframework.boot.web.servlet.context.AnnotationConfigServletWebServerApplicationContext@c96a4ea: startup date [Tue Nov 27 14:14:05 CST 2018]; parent: org.springframework.context.annotation.AnnotationConfigApplicationContext@3081f72c
2018-11-27 14:14:07.537 INFO  org.springframework.cloud.context.scope.GenericScope Line:99  - BeanFactory id=1f4e92db-fbed-3b5a-8f5e-7967d76ed828
2018-11-27 14:14:07.558 INFO  org.springframework.beans.factory.annotation.AutowiredAnnotationBeanPostProcessor Line:99  - JSR-330 'javax.inject.Inject' annotation found and supported for autowiring
2018-11-27 14:14:08.015 INFO  org.springframework.context.support.PostProcessorRegistrationDelegate$BeanPostProcessorChecker Line:99  - Bean 'org.springframework.transaction.annotation.ProxyTransactionManagementConfiguration' of type [org.springframework.transaction.annotation.ProxyTransactionManagementConfiguration$$EnhancerBySpringCGLIB$$39e5085a] is not eligible for getting processed by all BeanPostProcessors (for example: not eligible for auto-proxying)
2018-11-27 14:14:08.086 INFO  org.springframework.context.support.PostProcessorRegistrationDelegate$BeanPostProcessorChecker Line:99  - Bean 'org.springframework.cloud.autoconfigure.ConfigurationPropertiesRebinderAutoConfiguration' of type [org.springframework.cloud.autoconfigure.ConfigurationPropertiesRebinderAutoConfiguration$$EnhancerBySpringCGLIB$$55ff0b57] is not eligible for getting processed by all BeanPostProcessors (for example: not eligible for auto-proxying)
2018-11-27 14:14:08.714 INFO  org.springframework.boot.web.embedded.tomcat.TomcatWebServer Line:99  - Tomcat initialized with port(s): 9012 (http)
2018-11-27 14:14:08.745 INFO  org.apache.catalina.core.StandardService Line:180 - Starting service [Tomcat]
2018-11-27 14:14:08.747 INFO  org.apache.catalina.core.StandardEngine Line:180 - Starting Servlet Engine: Apache Tomcat/8.5.32
2018-11-27 14:14:08.765 INFO  org.apache.catalina.core.AprLifecycleListener Line:180 - The APR based Apache Tomcat Native library which allows optimal performance in production environments was not found on the java.library.path: [D:\Program Files\Java\jre1.8.0_161\bin;C:\Windows\Sun\Java\bin;C:\Windows\system32;C:\Windows;D:/Program Files/Java/jre1.8.0_161/bin/server;D:/Program Files/Java/jre1.8.0_161/bin;D:/Program Files/Java/jre1.8.0_161/lib/amd64;C:\ProgramData\Oracle\Java\javapath;C:\Windows\system32;C:\Windows;C:\Windows\System32\Wbem;C:\Windows\System32\WindowsPowerShell\v1.0\;C:\Program Files (x86)\NVIDIA Corporation\PhysX\Common;D:\Program Files\TortoiseGit\bin;D:\Program Files\Git\cmd;D:\Program Files\Java\jdk1.8.0_161\bin;D:\Program\mysql-5.7.23-winx64\bin;C:\Program Files\nodejs\;C:\Users\Administrator\AppData\Roaming\npm;C:\Users\Administrator\Desktop;;.]
2018-11-27 14:14:08.904 INFO  org.apache.catalina.core.ContainerBase.[Tomcat].[localhost].[/] Line:180 - Initializing Spring embedded WebApplicationContext
2018-11-27 14:14:08.904 INFO  org.springframework.web.context.ContextLoader Line:99  - Root WebApplicationContext: initialization completed in 3085 ms
2018-11-27 14:14:09.256 INFO  com.netflix.config.sources.URLConfigurationSource Line:122 - To enable URLs as dynamic configuration sources, define System property archaius.configurationSource.additionalUrls or make config.properties available on classpath.
2018-11-27 14:14:09.276 INFO  com.netflix.config.DynamicPropertyFactory Line:281 - DynamicPropertyFactory is initialized with configuration sources: com.netflix.config.ConcurrentCompositeConfiguration@647debfb
2018-11-27 14:14:09.769 INFO  com.alibaba.druid.spring.boot.autoconfigure.DruidDataSourceAutoConfigure Line:56  - Init DruidDataSource
2018-11-27 14:14:12.588 INFO  com.alibaba.druid.pool.DruidDataSource Line:930 - {dataSource-1} inited
2018-11-27 14:14:13.642 INFO  org.springframework.boot.web.servlet.FilterRegistrationBean Line:99  - Mapping filter: 'characterEncodingFilter' to: [/*]
2018-11-27 14:14:13.643 INFO  org.springframework.boot.web.servlet.FilterRegistrationBean Line:99  - Mapping filter: 'webMvcMetricsFilter' to: [/*]
2018-11-27 14:14:13.644 INFO  org.springframework.boot.web.servlet.FilterRegistrationBean Line:99  - Mapping filter: 'tracingFilter' to: [/*]
2018-11-27 14:14:13.644 INFO  org.springframework.boot.web.servlet.FilterRegistrationBean Line:99  - Mapping filter: 'exceptionLoggingFilter' to: [/*]
2018-11-27 14:14:13.644 INFO  org.springframework.boot.web.servlet.FilterRegistrationBean Line:99  - Mapping filter: 'httpTraceFilter' to: [/*]
2018-11-27 14:14:13.645 INFO  org.springframework.boot.web.servlet.FilterRegistrationBean Line:99  - Mapping filter: 'webStatFilter' to urls: [/*]
2018-11-27 14:14:13.645 INFO  org.springframework.boot.web.servlet.ServletRegistrationBean Line:99  - Servlet dispatcherServlet mapped to [/]
2018-11-27 14:14:13.646 INFO  org.springframework.boot.web.servlet.ServletRegistrationBean Line:99  - Servlet statViewServlet mapped to [/druid/*]
2018-11-27 14:14:14.129 INFO  com.system.dao.BaseDao Line:56  - Dao实现类是：com.system.bean.Admin
2018-11-27 14:14:14.131 INFO  com.system.dao.BaseDao Line:60  - 表名是：sys_admin
2018-11-27 14:14:14.132 INFO  com.system.dao.BaseDao Line:63  - 主键字段是：id
2018-11-27 14:14:14.226 INFO  com.system.dao.BaseDao Line:56  - Dao实现类是：com.system.bean.Dictionary
2018-11-27 14:14:14.226 INFO  com.system.dao.BaseDao Line:60  - 表名是：sys_dictionary
2018-11-27 14:14:14.227 INFO  com.system.dao.BaseDao Line:63  - 主键字段是：id
2018-11-27 14:14:14.269 INFO  com.system.dao.BaseDao Line:56  - Dao实现类是：com.system.bean.Permission
2018-11-27 14:14:14.269 INFO  com.system.dao.BaseDao Line:60  - 表名是：sys_permission
2018-11-27 14:14:14.269 INFO  com.system.dao.BaseDao Line:63  - 主键字段是：id
2018-11-27 14:14:14.310 INFO  com.system.dao.BaseDao Line:56  - Dao实现类是：com.system.bean.Role
2018-11-27 14:14:14.310 INFO  com.system.dao.BaseDao Line:60  - 表名是：sys_role
2018-11-27 14:14:14.310 INFO  com.system.dao.BaseDao Line:63  - 主键字段是：id
2018-11-27 14:14:14.351 INFO  com.system.dao.BaseDao Line:56  - Dao实现类是：com.system.bean.RolePer
2018-11-27 14:14:14.352 INFO  com.system.dao.BaseDao Line:60  - 表名是：sys_role_per
2018-11-27 14:14:14.353 INFO  com.system.dao.BaseDao Line:63  - 主键字段是：null
2018-11-27 14:14:14.894 INFO  org.springframework.web.servlet.mvc.method.annotation.RequestMappingHandlerMapping Line:99  - Mapped "{[/admin],methods=[PUT],produces=[application/json;charset=UTF-8]}" onto public java.lang.String com.system.controller.AdminController.update(com.system.bean.Admin)
2018-11-27 14:14:14.896 INFO  org.springframework.web.servlet.mvc.method.annotation.RequestMappingHandlerMapping Line:99  - Mapped "{[/admin/login],methods=[POST]}" onto public com.system.bean.Admin com.system.controller.AdminController.login(java.lang.String,java.lang.String,javax.servlet.http.HttpServletRequest)
2018-11-27 14:14:14.896 INFO  org.springframework.web.servlet.mvc.method.annotation.RequestMappingHandlerMapping Line:99  - Mapped "{[/admin],methods=[POST],produces=[application/json;charset=UTF-8]}" onto public java.lang.String com.system.controller.AdminController.addAdmin(com.system.bean.Admin,javax.servlet.http.HttpServletRequest)
2018-11-27 14:14:14.897 INFO  org.springframework.web.servlet.mvc.method.annotation.RequestMappingHandlerMapping Line:99  - Mapped "{[/admin/{id}],methods=[GET],produces=[application/json;charset=UTF-8]}" onto public java.lang.String com.system.controller.AdminController.getAdminById(java.lang.Integer)
2018-11-27 14:14:14.897 INFO  org.springframework.web.servlet.mvc.method.annotation.RequestMappingHandlerMapping Line:99  - Mapped "{[/admin/page/{page}],methods=[GET],produces=[application/json;charset=UTF-8]}" onto public java.lang.String com.system.controller.AdminController.getAdminPage(java.lang.Integer,java.lang.Integer)
2018-11-27 14:14:14.898 INFO  org.springframework.web.servlet.mvc.method.annotation.RequestMappingHandlerMapping Line:99  - Mapped "{[/admin/checkAccount],methods=[POST],produces=[application/json;charset=UTF-8]}" onto public java.lang.String com.system.controller.AdminController.checkAccount(java.lang.String,java.lang.Integer)
2018-11-27 14:14:14.898 INFO  org.springframework.web.servlet.mvc.method.annotation.RequestMappingHandlerMapping Line:99  - Mapped "{[/admin/{id}],methods=[DELETE],produces=[application/json;charset=UTF-8]}" onto public java.lang.String com.system.controller.AdminController.delAdmin(java.lang.Integer[])
2018-11-27 14:14:14.900 INFO  org.springframework.web.servlet.mvc.method.annotation.RequestMappingHandlerMapping Line:99  - Mapped "{[/dic],methods=[POST],produces=[application/json;charset=UTF-8]}" onto public java.lang.String com.system.controller.DictionaryController.add(com.system.bean.Dictionary)
2018-11-27 14:14:14.901 INFO  org.springframework.web.servlet.mvc.method.annotation.RequestMappingHandlerMapping Line:99  - Mapped "{[/dic],methods=[PUT],produces=[application/json;charset=UTF-8]}" onto public java.lang.String com.system.controller.DictionaryController.update(com.system.bean.Dictionary)
2018-11-27 14:14:14.902 INFO  org.springframework.web.servlet.mvc.method.annotation.RequestMappingHandlerMapping Line:99  - Mapped "{[/dic/name],methods=[GET],produces=[application/json;charset=UTF-8]}" onto public java.lang.String com.system.controller.DictionaryController.getName(java.lang.String,java.lang.String)
2018-11-27 14:14:14.902 INFO  org.springframework.web.servlet.mvc.method.annotation.RequestMappingHandlerMapping Line:99  - Mapped "{[/dic],methods=[DELETE],produces=[application/json;charset=UTF-8]}" onto public java.lang.String com.system.controller.DictionaryController.delete(java.lang.Integer[])
2018-11-27 14:14:14.903 INFO  org.springframework.web.servlet.mvc.method.annotation.RequestMappingHandlerMapping Line:99  - Mapped "{[/dic/check/value],methods=[GET],produces=[application/json;charset=UTF-8]}" onto public java.lang.String com.system.controller.DictionaryController.checkValue(java.lang.String,java.lang.Integer,java.lang.Integer)
2018-11-27 14:14:14.903 INFO  org.springframework.web.servlet.mvc.method.annotation.RequestMappingHandlerMapping Line:99  - Mapped "{[/dic/page/{page}],methods=[GET],produces=[application/json;charset=UTF-8]}" onto public java.lang.String com.system.controller.DictionaryController.getPage(java.lang.Integer,java.lang.Integer)
2018-11-27 14:14:14.904 INFO  org.springframework.web.servlet.mvc.method.annotation.RequestMappingHandlerMapping Line:99  - Mapped "{[/dic/{id}],methods=[GET],produces=[application/json;charset=UTF-8]}" onto public java.lang.String com.system.controller.DictionaryController.getDictionary(java.lang.Integer)
2018-11-27 14:14:14.904 INFO  org.springframework.web.servlet.mvc.method.annotation.RequestMappingHandlerMapping Line:99  - Mapped "{[/dic/check/code],methods=[GET],produces=[application/json;charset=UTF-8]}" onto public java.lang.String com.system.controller.DictionaryController.checkCode(java.lang.String,java.lang.Integer)
2018-11-27 14:14:14.909 INFO  org.springframework.web.servlet.mvc.method.annotation.RequestMappingHandlerMapping Line:99  - Mapped "{[/per/checkPath],methods=[GET],produces=[application/json;charset=UTF-8]}" onto public java.lang.String com.system.controller.PermissionController.checkPath(java.lang.String,java.lang.Integer,java.lang.Integer)
2018-11-27 14:14:14.909 INFO  org.springframework.web.servlet.mvc.method.annotation.RequestMappingHandlerMapping Line:99  - Mapped "{[/per],methods=[POST],produces=[application/json;charset=UTF-8]}" onto public java.lang.String com.system.controller.PermissionController.addPermission(com.system.bean.Permission)
2018-11-27 14:14:14.910 INFO  org.springframework.web.servlet.mvc.method.annotation.RequestMappingHandlerMapping Line:99  - Mapped "{[/per],methods=[PUT],produces=[application/json;charset=UTF-8]}" onto public java.lang.String com.system.controller.PermissionController.updatePermission(com.system.bean.Permission)
2018-11-27 14:14:14.910 INFO  org.springframework.web.servlet.mvc.method.annotation.RequestMappingHandlerMapping Line:99  - Mapped "{[/per/{id}],methods=[GET],produces=[application/json;charset=UTF-8]}" onto public java.lang.String com.system.controller.PermissionController.getPermissionById(java.lang.Integer)
2018-11-27 14:14:14.911 INFO  org.springframework.web.servlet.mvc.method.annotation.RequestMappingHandlerMapping Line:99  - Mapped "{[/per/{id}],methods=[DELETE],produces=[application/json;charset=UTF-8]}" onto public java.lang.String com.system.controller.PermissionController.deletePermission(java.lang.Integer)
2018-11-27 14:14:14.911 INFO  org.springframework.web.servlet.mvc.method.annotation.RequestMappingHandlerMapping Line:99  - Mapped "{[/per],methods=[GET],produces=[application/json;charset=UTF-8]}" onto public java.lang.String com.system.controller.PermissionController.getTreeList()
2018-11-27 14:14:14.912 INFO  org.springframework.web.servlet.mvc.method.annotation.RequestMappingHandlerMapping Line:99  - Mapped "{[/per/list],methods=[POST]}" onto public java.util.List<com.system.bean.Permission> com.system.controller.PermissionController.getRoleFunction(int)
2018-11-27 14:14:14.914 INFO  org.springframework.web.servlet.mvc.method.annotation.RequestMappingHandlerMapping Line:99  - Mapped "{[/role/{id}],methods=[GET],produces=[application/json;charset=UTF-8]}" onto public java.lang.String com.system.controller.RoleController.getRole(java.lang.Integer)
2018-11-27 14:14:14.915 INFO  org.springframework.web.servlet.mvc.method.annotation.RequestMappingHandlerMapping Line:99  - Mapped "{[/role/per/list/{role}],methods=[GET],produces=[application/json;charset=UTF-8]}" onto public java.lang.String com.system.controller.RoleController.getTreeList(java.lang.Integer)
2018-11-27 14:14:14.915 INFO  org.springframework.web.servlet.mvc.method.annotation.RequestMappingHandlerMapping Line:99  - Mapped "{[/role],methods=[PUT],produces=[application/json;charset=UTF-8]}" onto public java.lang.String com.system.controller.RoleController.updateRole(com.system.bean.Role)
2018-11-27 14:14:14.916 INFO  org.springframework.web.servlet.mvc.method.annotation.RequestMappingHandlerMapping Line:99  - Mapped "{[/role],methods=[GET],produces=[application/json;charset=UTF-8]}" onto public java.lang.String com.system.controller.RoleController.getList()
2018-11-27 14:14:14.916 INFO  org.springframework.web.servlet.mvc.method.annotation.RequestMappingHandlerMapping Line:99  - Mapped "{[/role/{ids}],methods=[DELETE]}" onto public java.lang.String com.system.controller.RoleController.deleteRole(java.lang.Integer[])
2018-11-27 14:14:14.917 INFO  org.springframework.web.servlet.mvc.method.annotation.RequestMappingHandlerMapping Line:99  - Mapped "{[/role/per/{role}],methods=[POST],produces=[application/json;charset=UTF-8]}" onto public java.lang.String com.system.controller.RoleController.addRolePer(java.lang.Integer,java.lang.String)
2018-11-27 14:14:14.917 INFO  org.springframework.web.servlet.mvc.method.annotation.RequestMappingHandlerMapping Line:99  - Mapped "{[/role/per/{role}],methods=[GET],produces=[application/json;charset=UTF-8]}" onto public java.lang.String com.system.controller.RoleController.getRolePer(java.lang.Integer)
2018-11-27 14:14:14.918 INFO  org.springframework.web.servlet.mvc.method.annotation.RequestMappingHandlerMapping Line:99  - Mapped "{[/role],methods=[POST],produces=[application/json;charset=UTF-8]}" onto public java.lang.String com.system.controller.RoleController.addRole(com.system.bean.Role)
2018-11-27 14:14:14.918 INFO  org.springframework.web.servlet.mvc.method.annotation.RequestMappingHandlerMapping Line:99  - Mapped "{[/role/page/{page}],methods=[GET],produces=[application/json;charset=UTF-8]}" onto public java.lang.String com.system.controller.RoleController.getPage(java.lang.Integer,java.lang.Integer)
2018-11-27 14:14:14.919 INFO  org.springframework.web.servlet.mvc.method.annotation.RequestMappingHandlerMapping Line:99  - Mapped "{[/v2/api-docs],methods=[GET],produces=[application/json || application/hal+json]}" onto public org.springframework.http.ResponseEntity<springfox.documentation.spring.web.json.Json> springfox.documentation.swagger2.web.Swagger2Controller.getDocumentation(java.lang.String,javax.servlet.http.HttpServletRequest)
2018-11-27 14:14:14.922 INFO  org.springframework.web.servlet.mvc.method.annotation.RequestMappingHandlerMapping Line:99  - Mapped "{[/swagger-resources/configuration/security]}" onto org.springframework.http.ResponseEntity<springfox.documentation.swagger.web.SecurityConfiguration> springfox.documentation.swagger.web.ApiResourceController.securityConfiguration()
2018-11-27 14:14:14.924 INFO  org.springframework.web.servlet.mvc.method.annotation.RequestMappingHandlerMapping Line:99  - Mapped "{[/swagger-resources]}" onto org.springframework.http.ResponseEntity<java.util.List<springfox.documentation.swagger.web.SwaggerResource>> springfox.documentation.swagger.web.ApiResourceController.swaggerResources()
2018-11-27 14:14:14.925 INFO  org.springframework.web.servlet.mvc.method.annotation.RequestMappingHandlerMapping Line:99  - Mapped "{[/swagger-resources/configuration/ui]}" onto org.springframework.http.ResponseEntity<springfox.documentation.swagger.web.UiConfiguration> springfox.documentation.swagger.web.ApiResourceController.uiConfiguration()
2018-11-27 14:14:14.928 INFO  org.springframework.web.servlet.mvc.method.annotation.RequestMappingHandlerMapping Line:99  - Mapped "{[/error]}" onto public org.springframework.http.ResponseEntity<java.util.Map<java.lang.String, java.lang.Object>> org.springframework.boot.autoconfigure.web.servlet.error.BasicErrorController.error(javax.servlet.http.HttpServletRequest)
2018-11-27 14:14:14.929 INFO  org.springframework.web.servlet.mvc.method.annotation.RequestMappingHandlerMapping Line:99  - Mapped "{[/error],produces=[text/html]}" onto public org.springframework.web.servlet.ModelAndView org.springframework.boot.autoconfigure.web.servlet.error.BasicErrorController.errorHtml(javax.servlet.http.HttpServletRequest,javax.servlet.http.HttpServletResponse)
2018-11-27 14:14:15.057 INFO  org.springframework.boot.actuate.endpoint.web.EndpointLinksResolver Line:99  - Exposing 18 endpoint(s) beneath base path '/actuator'
2018-11-27 14:14:15.074 INFO  org.springframework.boot.actuate.endpoint.web.servlet.WebMvcEndpointHandlerMapping Line:99  - Mapped "{[/actuator/archaius],methods=[GET],produces=[application/vnd.spring-boot.actuator.v2+json || application/json]}" onto public java.lang.Object org.springframework.boot.actuate.endpoint.web.servlet.AbstractWebMvcEndpointHandlerMapping$OperationHandler.handle(javax.servlet.http.HttpServletRequest,java.util.Map<java.lang.String, java.lang.String>)
2018-11-27 14:14:15.075 INFO  org.springframework.boot.actuate.endpoint.web.servlet.WebMvcEndpointHandlerMapping Line:99  - Mapped "{[/actuator/auditevents],methods=[GET],produces=[application/vnd.spring-boot.actuator.v2+json || application/json]}" onto public java.lang.Object org.springframework.boot.actuate.endpoint.web.servlet.AbstractWebMvcEndpointHandlerMapping$OperationHandler.handle(javax.servlet.http.HttpServletRequest,java.util.Map<java.lang.String, java.lang.String>)
2018-11-27 14:14:15.076 INFO  org.springframework.boot.actuate.endpoint.web.servlet.WebMvcEndpointHandlerMapping Line:99  - Mapped "{[/actuator/beans],methods=[GET],produces=[application/vnd.spring-boot.actuator.v2+json || application/json]}" onto public java.lang.Object org.springframework.boot.actuate.endpoint.web.servlet.AbstractWebMvcEndpointHandlerMapping$OperationHandler.handle(javax.servlet.http.HttpServletRequest,java.util.Map<java.lang.String, java.lang.String>)
2018-11-27 14:14:15.076 INFO  org.springframework.boot.actuate.endpoint.web.servlet.WebMvcEndpointHandlerMapping Line:99  - Mapped "{[/actuator/health],methods=[GET],produces=[application/vnd.spring-boot.actuator.v2+json || application/json]}" onto public java.lang.Object org.springframework.boot.actuate.endpoint.web.servlet.AbstractWebMvcEndpointHandlerMapping$OperationHandler.handle(javax.servlet.http.HttpServletRequest,java.util.Map<java.lang.String, java.lang.String>)
2018-11-27 14:14:15.077 INFO  org.springframework.boot.actuate.endpoint.web.servlet.WebMvcEndpointHandlerMapping Line:99  - Mapped "{[/actuator/conditions],methods=[GET],produces=[application/vnd.spring-boot.actuator.v2+json || application/json]}" onto public java.lang.Object org.springframework.boot.actuate.endpoint.web.servlet.AbstractWebMvcEndpointHandlerMapping$OperationHandler.handle(javax.servlet.http.HttpServletRequest,java.util.Map<java.lang.String, java.lang.String>)
2018-11-27 14:14:15.079 INFO  org.springframework.boot.actuate.endpoint.web.servlet.WebMvcEndpointHandlerMapping Line:99  - Mapped "{[/actuator/configprops],methods=[GET],produces=[application/vnd.spring-boot.actuator.v2+json || application/json]}" onto public java.lang.Object org.springframework.boot.actuate.endpoint.web.servlet.AbstractWebMvcEndpointHandlerMapping$OperationHandler.handle(javax.servlet.http.HttpServletRequest,java.util.Map<java.lang.String, java.lang.String>)
2018-11-27 14:14:15.080 INFO  org.springframework.boot.actuate.endpoint.web.servlet.WebMvcEndpointHandlerMapping Line:99  - Mapped "{[/actuator/env],methods=[GET],produces=[application/vnd.spring-boot.actuator.v2+json || application/json]}" onto public java.lang.Object org.springframework.boot.actuate.endpoint.web.servlet.AbstractWebMvcEndpointHandlerMapping$OperationHandler.handle(javax.servlet.http.HttpServletRequest,java.util.Map<java.lang.String, java.lang.String>)
2018-11-27 14:14:15.080 INFO  org.springframework.boot.actuate.endpoint.web.servlet.WebMvcEndpointHandlerMapping Line:99  - Mapped "{[/actuator/env/{toMatch}],methods=[GET],produces=[application/vnd.spring-boot.actuator.v2+json || application/json]}" onto public java.lang.Object org.springframework.boot.actuate.endpoint.web.servlet.AbstractWebMvcEndpointHandlerMapping$OperationHandler.handle(javax.servlet.http.HttpServletRequest,java.util.Map<java.lang.String, java.lang.String>)
2018-11-27 14:14:15.081 INFO  org.springframework.boot.actuate.endpoint.web.servlet.WebMvcEndpointHandlerMapping Line:99  - Mapped "{[/actuator/env],methods=[POST],consumes=[application/vnd.spring-boot.actuator.v2+json || application/json],produces=[application/vnd.spring-boot.actuator.v2+json || application/json]}" onto public java.lang.Object org.springframework.boot.actuate.endpoint.web.servlet.AbstractWebMvcEndpointHandlerMapping$OperationHandler.handle(javax.servlet.http.HttpServletRequest,java.util.Map<java.lang.String, java.lang.String>)
2018-11-27 14:14:15.082 INFO  org.springframework.boot.actuate.endpoint.web.servlet.WebMvcEndpointHandlerMapping Line:99  - Mapped "{[/actuator/env],methods=[DELETE],produces=[application/vnd.spring-boot.actuator.v2+json || application/json]}" onto public java.lang.Object org.springframework.boot.actuate.endpoint.web.servlet.AbstractWebMvcEndpointHandlerMapping$OperationHandler.handle(javax.servlet.http.HttpServletRequest,java.util.Map<java.lang.String, java.lang.String>)
2018-11-27 14:14:15.082 INFO  org.springframework.boot.actuate.endpoint.web.servlet.WebMvcEndpointHandlerMapping Line:99  - Mapped "{[/actuator/info],methods=[GET],produces=[application/vnd.spring-boot.actuator.v2+json || application/json]}" onto public java.lang.Object org.springframework.boot.actuate.endpoint.web.servlet.AbstractWebMvcEndpointHandlerMapping$OperationHandler.handle(javax.servlet.http.HttpServletRequest,java.util.Map<java.lang.String, java.lang.String>)
2018-11-27 14:14:15.083 INFO  org.springframework.boot.actuate.endpoint.web.servlet.WebMvcEndpointHandlerMapping Line:99  - Mapped "{[/actuator/loggers],methods=[GET],produces=[application/vnd.spring-boot.actuator.v2+json || application/json]}" onto public java.lang.Object org.springframework.boot.actuate.endpoint.web.servlet.AbstractWebMvcEndpointHandlerMapping$OperationHandler.handle(javax.servlet.http.HttpServletRequest,java.util.Map<java.lang.String, java.lang.String>)
2018-11-27 14:14:15.083 INFO  org.springframework.boot.actuate.endpoint.web.servlet.WebMvcEndpointHandlerMapping Line:99  - Mapped "{[/actuator/loggers/{name}],methods=[POST],consumes=[application/vnd.spring-boot.actuator.v2+json || application/json]}" onto public java.lang.Object org.springframework.boot.actuate.endpoint.web.servlet.AbstractWebMvcEndpointHandlerMapping$OperationHandler.handle(javax.servlet.http.HttpServletRequest,java.util.Map<java.lang.String, java.lang.String>)
2018-11-27 14:14:15.084 INFO  org.springframework.boot.actuate.endpoint.web.servlet.WebMvcEndpointHandlerMapping Line:99  - Mapped "{[/actuator/loggers/{name}],methods=[GET],produces=[application/vnd.spring-boot.actuator.v2+json || application/json]}" onto public java.lang.Object org.springframework.boot.actuate.endpoint.web.servlet.AbstractWebMvcEndpointHandlerMapping$OperationHandler.handle(javax.servlet.http.HttpServletRequest,java.util.Map<java.lang.String, java.lang.String>)
2018-11-27 14:14:15.084 INFO  org.springframework.boot.actuate.endpoint.web.servlet.WebMvcEndpointHandlerMapping Line:99  - Mapped "{[/actuator/heapdump],methods=[GET],produces=[application/octet-stream]}" onto public java.lang.Object org.springframework.boot.actuate.endpoint.web.servlet.AbstractWebMvcEndpointHandlerMapping$OperationHandler.handle(javax.servlet.http.HttpServletRequest,java.util.Map<java.lang.String, java.lang.String>)
2018-11-27 14:14:15.085 INFO  org.springframework.boot.actuate.endpoint.web.servlet.WebMvcEndpointHandlerMapping Line:99  - Mapped "{[/actuator/threaddump],methods=[GET],produces=[application/vnd.spring-boot.actuator.v2+json || application/json]}" onto public java.lang.Object org.springframework.boot.actuate.endpoint.web.servlet.AbstractWebMvcEndpointHandlerMapping$OperationHandler.handle(javax.servlet.http.HttpServletRequest,java.util.Map<java.lang.String, java.lang.String>)
2018-11-27 14:14:15.085 INFO  org.springframework.boot.actuate.endpoint.web.servlet.WebMvcEndpointHandlerMapping Line:99  - Mapped "{[/actuator/metrics],methods=[GET],produces=[application/vnd.spring-boot.actuator.v2+json || application/json]}" onto public java.lang.Object org.springframework.boot.actuate.endpoint.web.servlet.AbstractWebMvcEndpointHandlerMapping$OperationHandler.handle(javax.servlet.http.HttpServletRequest,java.util.Map<java.lang.String, java.lang.String>)
2018-11-27 14:14:15.086 INFO  org.springframework.boot.actuate.endpoint.web.servlet.WebMvcEndpointHandlerMapping Line:99  - Mapped "{[/actuator/metrics/{requiredMetricName}],methods=[GET],produces=[application/vnd.spring-boot.actuator.v2+json || application/json]}" onto public java.lang.Object org.springframework.boot.actuate.endpoint.web.servlet.AbstractWebMvcEndpointHandlerMapping$OperationHandler.handle(javax.servlet.http.HttpServletRequest,java.util.Map<java.lang.String, java.lang.String>)
2018-11-27 14:14:15.087 INFO  org.springframework.boot.actuate.endpoint.web.servlet.WebMvcEndpointHandlerMapping Line:99  - Mapped "{[/actuator/scheduledtasks],methods=[GET],produces=[application/vnd.spring-boot.actuator.v2+json || application/json]}" onto public java.lang.Object org.springframework.boot.actuate.endpoint.web.servlet.AbstractWebMvcEndpointHandlerMapping$OperationHandler.handle(javax.servlet.http.HttpServletRequest,java.util.Map<java.lang.String, java.lang.String>)
2018-11-27 14:14:15.087 INFO  org.springframework.boot.actuate.endpoint.web.servlet.WebMvcEndpointHandlerMapping Line:99  - Mapped "{[/actuator/httptrace],methods=[GET],produces=[application/vnd.spring-boot.actuator.v2+json || application/json]}" onto public java.lang.Object org.springframework.boot.actuate.endpoint.web.servlet.AbstractWebMvcEndpointHandlerMapping$OperationHandler.handle(javax.servlet.http.HttpServletRequest,java.util.Map<java.lang.String, java.lang.String>)
2018-11-27 14:14:15.089 INFO  org.springframework.boot.actuate.endpoint.web.servlet.WebMvcEndpointHandlerMapping Line:99  - Mapped "{[/actuator/mappings],methods=[GET],produces=[application/vnd.spring-boot.actuator.v2+json || application/json]}" onto public java.lang.Object org.springframework.boot.actuate.endpoint.web.servlet.AbstractWebMvcEndpointHandlerMapping$OperationHandler.handle(javax.servlet.http.HttpServletRequest,java.util.Map<java.lang.String, java.lang.String>)
2018-11-27 14:14:15.089 INFO  org.springframework.boot.actuate.endpoint.web.servlet.WebMvcEndpointHandlerMapping Line:99  - Mapped "{[/actuator/refresh],methods=[POST],produces=[application/vnd.spring-boot.actuator.v2+json || application/json]}" onto public java.lang.Object org.springframework.boot.actuate.endpoint.web.servlet.AbstractWebMvcEndpointHandlerMapping$OperationHandler.handle(javax.servlet.http.HttpServletRequest,java.util.Map<java.lang.String, java.lang.String>)
2018-11-27 14:14:15.089 INFO  org.springframework.boot.actuate.endpoint.web.servlet.WebMvcEndpointHandlerMapping Line:99  - Mapped "{[/actuator/features],methods=[GET],produces=[application/vnd.spring-boot.actuator.v2+json || application/json]}" onto public java.lang.Object org.springframework.boot.actuate.endpoint.web.servlet.AbstractWebMvcEndpointHandlerMapping$OperationHandler.handle(javax.servlet.http.HttpServletRequest,java.util.Map<java.lang.String, java.lang.String>)
2018-11-27 14:14:15.090 INFO  org.springframework.boot.actuate.endpoint.web.servlet.WebMvcEndpointHandlerMapping Line:99  - Mapped "{[/actuator/service-registry],methods=[GET],produces=[application/vnd.spring-boot.actuator.v2+json || application/json]}" onto public java.lang.Object org.springframework.boot.actuate.endpoint.web.servlet.AbstractWebMvcEndpointHandlerMapping$OperationHandler.handle(javax.servlet.http.HttpServletRequest,java.util.Map<java.lang.String, java.lang.String>)
2018-11-27 14:14:15.091 INFO  org.springframework.boot.actuate.endpoint.web.servlet.WebMvcEndpointHandlerMapping Line:99  - Mapped "{[/actuator/service-registry],methods=[POST],consumes=[application/vnd.spring-boot.actuator.v2+json || application/json],produces=[application/vnd.spring-boot.actuator.v2+json || application/json]}" onto public java.lang.Object org.springframework.boot.actuate.endpoint.web.servlet.AbstractWebMvcEndpointHandlerMapping$OperationHandler.handle(javax.servlet.http.HttpServletRequest,java.util.Map<java.lang.String, java.lang.String>)
2018-11-27 14:14:15.094 INFO  org.springframework.boot.actuate.endpoint.web.servlet.WebMvcEndpointHandlerMapping Line:99  - Mapped "{[/actuator],methods=[GET],produces=[application/vnd.spring-boot.actuator.v2+json || application/json]}" onto protected java.util.Map<java.lang.String, java.util.Map<java.lang.String, org.springframework.boot.actuate.endpoint.web.Link>> org.springframework.boot.actuate.endpoint.web.servlet.WebMvcEndpointHandlerMapping.links(javax.servlet.http.HttpServletRequest,javax.servlet.http.HttpServletResponse)
2018-11-27 14:14:15.415 INFO  org.springframework.web.servlet.handler.SimpleUrlHandlerMapping Line:99  - Mapped URL path [/static/**] onto handler of type [class org.springframework.web.servlet.resource.ResourceHttpRequestHandler]
2018-11-27 14:14:15.415 INFO  org.springframework.web.servlet.handler.SimpleUrlHandlerMapping Line:99  - Mapped URL path [/swagger-ui.html] onto handler of type [class org.springframework.web.servlet.resource.ResourceHttpRequestHandler]
2018-11-27 14:14:15.415 INFO  org.springframework.web.servlet.handler.SimpleUrlHandlerMapping Line:99  - Mapped URL path [/webjars/**] onto handler of type [class org.springframework.web.servlet.resource.ResourceHttpRequestHandler]
2018-11-27 14:14:15.499 INFO  org.springframework.web.servlet.mvc.method.annotation.RequestMappingHandlerAdapter Line:99  - Looking for @ControllerAdvice: org.springframework.boot.web.servlet.context.AnnotationConfigServletWebServerApplicationContext@c96a4ea: startup date [Tue Nov 27 14:14:05 CST 2018]; parent: org.springframework.context.annotation.AnnotationConfigApplicationContext@3081f72c
2018-11-27 14:14:15.614 INFO  com.netflix.config.sources.URLConfigurationSource Line:122 - To enable URLs as dynamic configuration sources, define System property archaius.configurationSource.additionalUrls or make config.properties available on classpath.
2018-11-27 14:14:16.812 INFO  org.springframework.jmx.export.annotation.AnnotationMBeanExporter Line:99  - Registering beans for JMX exposure on startup
2018-11-27 14:14:16.815 INFO  org.springframework.jmx.export.annotation.AnnotationMBeanExporter Line:99  - Bean with name 'statFilter' has been autodetected for JMX exposure
2018-11-27 14:14:16.815 INFO  org.springframework.jmx.export.annotation.AnnotationMBeanExporter Line:99  - Bean with name 'dataSource' has been autodetected for JMX exposure
2018-11-27 14:14:16.823 INFO  org.springframework.jmx.export.annotation.AnnotationMBeanExporter Line:99  - Bean with name 'environmentManager' has been autodetected for JMX exposure
2018-11-27 14:14:16.825 INFO  org.springframework.jmx.export.annotation.AnnotationMBeanExporter Line:99  - Bean with name 'refreshScope' has been autodetected for JMX exposure
2018-11-27 14:14:16.826 INFO  org.springframework.jmx.export.annotation.AnnotationMBeanExporter Line:99  - Bean with name 'configurationPropertiesRebinder' has been autodetected for JMX exposure
2018-11-27 14:14:16.830 INFO  org.springframework.jmx.export.annotation.AnnotationMBeanExporter Line:99  - Located managed bean 'environmentManager': registering with JMX server as MBean [org.springframework.cloud.context.environment:name=environmentManager,type=EnvironmentManager]
2018-11-27 14:14:16.838 INFO  org.springframework.jmx.export.annotation.AnnotationMBeanExporter Line:99  - Located managed bean 'refreshScope': registering with JMX server as MBean [org.springframework.cloud.context.scope.refresh:name=refreshScope,type=RefreshScope]
2018-11-27 14:14:16.850 INFO  org.springframework.jmx.export.annotation.AnnotationMBeanExporter Line:99  - Located managed bean 'configurationPropertiesRebinder': registering with JMX server as MBean [org.springframework.cloud.context.properties:name=configurationPropertiesRebinder,context=c96a4ea,type=ConfigurationPropertiesRebinder]
2018-11-27 14:14:16.857 INFO  org.springframework.jmx.export.annotation.AnnotationMBeanExporter Line:99  - Located MBean 'dataSource': registering with JMX server as MBean [com.alibaba.druid.spring.boot.autoconfigure:name=dataSource,type=DruidDataSourceWrapper]
2018-11-27 14:14:16.859 INFO  org.springframework.jmx.export.annotation.AnnotationMBeanExporter Line:99  - Located MBean 'statFilter': registering with JMX server as MBean [com.alibaba.druid.filter.stat:name=statFilter,type=StatFilter]
2018-11-27 14:14:16.869 INFO  org.springframework.context.support.DefaultLifecycleProcessor Line:99  - Starting beans in phase 0
2018-11-27 14:14:16.888 INFO  org.springframework.cloud.netflix.eureka.InstanceInfoFactory Line:99  - Setting initial instance status as: STARTING
2018-11-27 14:14:16.932 INFO  com.netflix.discovery.DiscoveryClient Line:349 - Initializing Eureka in region us-east-1
2018-11-27 14:14:17.181 INFO  com.netflix.discovery.provider.DiscoveryJerseyProvider Line:70  - Using JSON encoding codec LegacyJacksonJson
2018-11-27 14:14:17.182 INFO  com.netflix.discovery.provider.DiscoveryJerseyProvider Line:71  - Using JSON decoding codec LegacyJacksonJson
2018-11-27 14:14:17.709 INFO  com.netflix.discovery.provider.DiscoveryJerseyProvider Line:80  - Using XML encoding codec XStreamXml
2018-11-27 14:14:17.709 INFO  com.netflix.discovery.provider.DiscoveryJerseyProvider Line:81  - Using XML decoding codec XStreamXml
2018-11-27 14:14:17.934 INFO  com.netflix.discovery.shared.resolver.aws.ConfigClusterResolver Line:43  - Resolving eureka endpoints via configuration
2018-11-27 14:14:17.981 INFO  com.netflix.discovery.DiscoveryClient Line:958 - Disable delta property : false
2018-11-27 14:14:17.982 INFO  com.netflix.discovery.DiscoveryClient Line:959 - Single vip registry refresh property : null
2018-11-27 14:14:17.982 INFO  com.netflix.discovery.DiscoveryClient Line:960 - Force full registry fetch : false
2018-11-27 14:14:17.982 INFO  com.netflix.discovery.DiscoveryClient Line:961 - Application is null : false
2018-11-27 14:14:17.982 INFO  com.netflix.discovery.DiscoveryClient Line:962 - Registered Applications size is zero : true
2018-11-27 14:14:17.982 INFO  com.netflix.discovery.DiscoveryClient Line:964 - Application version is -1: true
2018-11-27 14:14:17.983 INFO  com.netflix.discovery.DiscoveryClient Line:1047 - Getting all instance registry info from the eureka server
2018-11-27 14:14:18.309 INFO  com.netflix.discovery.DiscoveryClient Line:1056 - The response status is 200
2018-11-27 14:14:18.312 INFO  com.netflix.discovery.DiscoveryClient Line:1264 - Starting heartbeat executor: renew interval is: 30
2018-11-27 14:14:18.318 INFO  com.netflix.discovery.InstanceInfoReplicator Line:60  - InstanceInfoReplicator onDemand update allowed rate per min is 4
2018-11-27 14:14:18.324 INFO  com.netflix.discovery.DiscoveryClient Line:449 - Discovery Client initialized at timestamp 1543299258323 with initial instances count: 0
2018-11-27 14:14:18.337 INFO  org.springframework.cloud.netflix.eureka.serviceregistry.EurekaServiceRegistry Line:99  - Registering application systemAdmin with eureka with status UP
2018-11-27 14:14:18.338 INFO  com.netflix.discovery.DiscoveryClient Line:1299 - Saw local status change event StatusChangeEvent [timestamp=1543299258338, current=UP, previous=STARTING]
2018-11-27 14:14:18.340 INFO  com.netflix.discovery.DiscoveryClient Line:826 - DiscoveryClient_SYSTEMADMIN/PC-201CINU:systemAdmin:9012: registering service...
2018-11-27 14:14:18.356 INFO  org.springframework.context.support.DefaultLifecycleProcessor Line:99  - Starting beans in phase 2147483647
2018-11-27 14:14:18.356 INFO  springfox.documentation.spring.web.plugins.DocumentationPluginsBootstrapper Line:120 - Context refreshed
2018-11-27 14:14:18.454 INFO  springfox.documentation.spring.web.plugins.DocumentationPluginsBootstrapper Line:123 - Found 1 custom documentation plugin(s)
2018-11-27 14:14:18.488 INFO  springfox.documentation.spring.web.scanners.ApiListingReferenceScanner Line:41  - Scanning for api listing references
2018-11-27 14:14:18.590 INFO  com.netflix.discovery.DiscoveryClient Line:835 - DiscoveryClient_SYSTEMADMIN/PC-201CINU:systemAdmin:9012 - registration status: 204
2018-11-27 14:14:18.758 INFO  springfox.documentation.spring.web.readers.operation.CachingOperationNameGenerator Line:40  - Generating unique operation named: updateUsingPUT_1
2018-11-27 14:14:18.825 INFO  springfox.documentation.spring.web.readers.operation.CachingOperationNameGenerator Line:40  - Generating unique operation named: getPageUsingGET_1
2018-11-27 14:14:18.841 INFO  springfox.documentation.spring.web.readers.operation.CachingOperationNameGenerator Line:40  - Generating unique operation named: getTreeListUsingGET_1
2018-11-27 14:14:18.908 INFO  org.springframework.boot.web.embedded.tomcat.TomcatWebServer Line:99  - Tomcat started on port(s): 9012 (http) with context path ''
2018-11-27 14:14:18.909 INFO  org.springframework.cloud.netflix.eureka.serviceregistry.EurekaAutoServiceRegistration Line:99  - Updating port to 9012
2018-11-27 14:14:18.914 INFO  com.system.SystemAdminApplication Line:99  - Started SystemAdminApplication in 14.573 seconds (JVM running for 15.084)
2018-11-27 14:14:48.315 INFO  com.netflix.discovery.DiscoveryClient Line:958 - Disable delta property : false
2018-11-27 14:14:48.315 INFO  com.netflix.discovery.DiscoveryClient Line:959 - Single vip registry refresh property : null
2018-11-27 14:14:48.316 INFO  com.netflix.discovery.DiscoveryClient Line:960 - Force full registry fetch : false
2018-11-27 14:14:48.316 INFO  com.netflix.discovery.DiscoveryClient Line:961 - Application is null : false
2018-11-27 14:14:48.317 INFO  com.netflix.discovery.DiscoveryClient Line:962 - Registered Applications size is zero : true
2018-11-27 14:14:48.318 INFO  com.netflix.discovery.DiscoveryClient Line:964 - Application version is -1: false
2018-11-27 14:14:48.318 INFO  com.netflix.discovery.DiscoveryClient Line:1047 - Getting all instance registry info from the eureka server
2018-11-27 14:14:48.382 INFO  com.netflix.discovery.DiscoveryClient Line:1056 - The response status is 200
2018-11-27 14:19:17.996 INFO  com.netflix.discovery.shared.resolver.aws.ConfigClusterResolver Line:43  - Resolving eureka endpoints via configuration
2018-11-27 14:20:15.753 INFO  org.apache.catalina.core.ContainerBase.[Tomcat].[localhost].[/] Line:180 - Initializing Spring FrameworkServlet 'dispatcherServlet'
2018-11-27 14:20:15.758 INFO  org.springframework.web.servlet.DispatcherServlet Line:99  - FrameworkServlet 'dispatcherServlet': initialization started
2018-11-27 14:20:15.801 INFO  org.springframework.web.servlet.DispatcherServlet Line:99  - FrameworkServlet 'dispatcherServlet': initialization completed in 43 ms
2018-11-27 14:21:03.049 INFO  com.system.controller.AdminController Line:44  - ===<call login, TraceId=null, SpanId=null>===
2018-11-27 14:21:24.468 INFO  com.system.controller.AdminController Line:44  - ===<call login, TraceId=null, SpanId=null>===
2018-11-27 14:22:41.106 INFO  com.system.controller.AdminController Line:44  - ===<call login, TraceId=null, SpanId=null>===
2018-11-27 14:24:18.009 INFO  com.netflix.discovery.shared.resolver.aws.ConfigClusterResolver Line:43  - Resolving eureka endpoints via configuration
2018-11-27 14:29:18.021 INFO  com.netflix.discovery.shared.resolver.aws.ConfigClusterResolver Line:43  - Resolving eureka endpoints via configuration
2018-11-27 14:34:18.033 INFO  com.netflix.discovery.shared.resolver.aws.ConfigClusterResolver Line:43  - Resolving eureka endpoints via configuration
2018-11-27 14:35:52.096 INFO  com.system.controller.AdminController Line:44  - ===<call login, TraceId=null, SpanId=null>===
2018-11-27 14:39:18.047 INFO  com.netflix.discovery.shared.resolver.aws.ConfigClusterResolver Line:43  - Resolving eureka endpoints via configuration
2018-11-27 14:44:18.061 INFO  com.netflix.discovery.shared.resolver.aws.ConfigClusterResolver Line:43  - Resolving eureka endpoints via configuration
2018-11-27 14:49:18.074 INFO  com.netflix.discovery.shared.resolver.aws.ConfigClusterResolver Line:43  - Resolving eureka endpoints via configuration
2018-11-27 14:54:18.088 INFO  com.netflix.discovery.shared.resolver.aws.ConfigClusterResolver Line:43  - Resolving eureka endpoints via configuration
2018-11-27 14:59:18.100 INFO  com.netflix.discovery.shared.resolver.aws.ConfigClusterResolver Line:43  - Resolving eureka endpoints via configuration
2018-11-27 15:04:18.114 INFO  com.netflix.discovery.shared.resolver.aws.ConfigClusterResolver Line:43  - Resolving eureka endpoints via configuration
2018-11-27 15:09:18.125 INFO  com.netflix.discovery.shared.resolver.aws.ConfigClusterResolver Line:43  - Resolving eureka endpoints via configuration
2018-11-27 15:14:18.137 INFO  com.netflix.discovery.shared.resolver.aws.ConfigClusterResolver Line:43  - Resolving eureka endpoints via configuration
2018-11-27 15:19:18.150 INFO  com.netflix.discovery.shared.resolver.aws.ConfigClusterResolver Line:43  - Resolving eureka endpoints via configuration
2018-11-27 15:24:18.161 INFO  com.netflix.discovery.shared.resolver.aws.ConfigClusterResolver Line:43  - Resolving eureka endpoints via configuration
2018-11-27 15:29:18.174 INFO  com.netflix.discovery.shared.resolver.aws.ConfigClusterResolver Line:43  - Resolving eureka endpoints via configuration
2018-11-27 15:34:18.186 INFO  com.netflix.discovery.shared.resolver.aws.ConfigClusterResolver Line:43  - Resolving eureka endpoints via configuration
2018-11-27 15:39:18.198 INFO  com.netflix.discovery.shared.resolver.aws.ConfigClusterResolver Line:43  - Resolving eureka endpoints via configuration
2018-11-27 15:44:18.210 INFO  com.netflix.discovery.shared.resolver.aws.ConfigClusterResolver Line:43  - Resolving eureka endpoints via configuration
2018-11-27 15:49:18.223 INFO  com.netflix.discovery.shared.resolver.aws.ConfigClusterResolver Line:43  - Resolving eureka endpoints via configuration
2018-11-27 15:54:18.236 INFO  com.netflix.discovery.shared.resolver.aws.ConfigClusterResolver Line:43  - Resolving eureka endpoints via configuration
2018-11-27 15:59:18.249 INFO  com.netflix.discovery.shared.resolver.aws.ConfigClusterResolver Line:43  - Resolving eureka endpoints via configuration
2018-11-27 16:04:18.260 INFO  com.netflix.discovery.shared.resolver.aws.ConfigClusterResolver Line:43  - Resolving eureka endpoints via configuration
2018-11-27 16:09:18.271 INFO  com.netflix.discovery.shared.resolver.aws.ConfigClusterResolver Line:43  - Resolving eureka endpoints via configuration
2018-11-27 16:14:18.283 INFO  com.netflix.discovery.shared.resolver.aws.ConfigClusterResolver Line:43  - Resolving eureka endpoints via configuration
2018-11-27 16:19:18.295 INFO  com.netflix.discovery.shared.resolver.aws.ConfigClusterResolver Line:43  - Resolving eureka endpoints via configuration
2018-11-27 16:24:18.307 INFO  com.netflix.discovery.shared.resolver.aws.ConfigClusterResolver Line:43  - Resolving eureka endpoints via configuration
2018-11-27 16:29:18.319 INFO  com.netflix.discovery.shared.resolver.aws.ConfigClusterResolver Line:43  - Resolving eureka endpoints via configuration
2018-11-27 16:34:18.332 INFO  com.netflix.discovery.shared.resolver.aws.ConfigClusterResolver Line:43  - Resolving eureka endpoints via configuration
2018-11-27 16:39:18.344 INFO  com.netflix.discovery.shared.resolver.aws.ConfigClusterResolver Line:43  - Resolving eureka endpoints via configuration
2018-11-27 16:44:18.356 INFO  com.netflix.discovery.shared.resolver.aws.ConfigClusterResolver Line:43  - Resolving eureka endpoints via configuration
2018-11-27 16:49:18.367 INFO  com.netflix.discovery.shared.resolver.aws.ConfigClusterResolver Line:43  - Resolving eureka endpoints via configuration
2018-11-27 16:54:18.379 INFO  com.netflix.discovery.shared.resolver.aws.ConfigClusterResolver Line:43  - Resolving eureka endpoints via configuration
2018-11-27 16:59:18.721 INFO  com.netflix.discovery.shared.resolver.aws.ConfigClusterResolver Line:43  - Resolving eureka endpoints via configuration
2018-11-27 17:04:18.733 INFO  com.netflix.discovery.shared.resolver.aws.ConfigClusterResolver Line:43  - Resolving eureka endpoints via configuration
2018-11-27 17:09:18.745 INFO  com.netflix.discovery.shared.resolver.aws.ConfigClusterResolver Line:43  - Resolving eureka endpoints via configuration
