2018-11-26 18:23:22.374 INFO  org.springframework.context.annotation.AnnotationConfigApplicationContext Line:99  - Refreshing org.springframework.context.annotation.AnnotationConfigApplicationContext@752325ad: startup date [Mon Nov 26 18:23:22 CST 2018]; root of context hierarchy
2018-11-26 18:23:22.706 INFO  org.springframework.beans.factory.annotation.AutowiredAnnotationBeanPostProcessor Line:99  - JSR-330 'javax.inject.Inject' annotation found and supported for autowiring
2018-11-26 18:23:22.743 INFO  org.springframework.context.support.PostProcessorRegistrationDelegate$BeanPostProcessorChecker Line:99  - Bean 'configurationPropertiesRebinderAutoConfiguration' of type [org.springframework.cloud.autoconfigure.ConfigurationPropertiesRebinderAutoConfiguration$$EnhancerBySpringCGLIB$$313a5ae3] is not eligible for getting processed by all BeanPostProcessors (for example: not eligible for auto-proxying)
2018-11-26 18:23:22.995 INFO  com.system.SystemAdminApplication Line:99  - No active profile set, falling back to default profiles: default
2018-11-26 18:23:23.010 INFO  org.springframework.boot.web.servlet.context.AnnotationConfigServletWebServerApplicationContext Line:99  - Refreshing org.springframework.boot.web.servlet.context.AnnotationConfigServletWebServerApplicationContext@78383390: startup date [Mon Nov 26 18:23:23 CST 2018]; parent: org.springframework.context.annotation.AnnotationConfigApplicationContext@752325ad
2018-11-26 18:23:24.351 INFO  org.springframework.cloud.context.scope.GenericScope Line:99  - BeanFactory id=1f4e92db-fbed-3b5a-8f5e-7967d76ed828
2018-11-26 18:23:24.369 INFO  org.springframework.beans.factory.annotation.AutowiredAnnotationBeanPostProcessor Line:99  - JSR-330 'javax.inject.Inject' annotation found and supported for autowiring
2018-11-26 18:23:24.847 INFO  org.springframework.context.support.PostProcessorRegistrationDelegate$BeanPostProcessorChecker Line:99  - Bean 'org.springframework.transaction.annotation.ProxyTransactionManagementConfiguration' of type [org.springframework.transaction.annotation.ProxyTransactionManagementConfiguration$$EnhancerBySpringCGLIB$$152057e6] is not eligible for getting processed by all BeanPostProcessors (for example: not eligible for auto-proxying)
2018-11-26 18:23:24.910 INFO  org.springframework.context.support.PostProcessorRegistrationDelegate$BeanPostProcessorChecker Line:99  - Bean 'org.springframework.cloud.autoconfigure.ConfigurationPropertiesRebinderAutoConfiguration' of type [org.springframework.cloud.autoconfigure.ConfigurationPropertiesRebinderAutoConfiguration$$EnhancerBySpringCGLIB$$313a5ae3] is not eligible for getting processed by all BeanPostProcessors (for example: not eligible for auto-proxying)
2018-11-26 18:23:25.429 INFO  org.springframework.boot.web.embedded.tomcat.TomcatWebServer Line:99  - Tomcat initialized with port(s): 9012 (http)
2018-11-26 18:23:25.461 INFO  org.apache.catalina.core.StandardService Line:180 - Starting service [Tomcat]
2018-11-26 18:23:25.462 INFO  org.apache.catalina.core.StandardEngine Line:180 - Starting Servlet Engine: Apache Tomcat/8.5.32
2018-11-26 18:23:25.471 INFO  org.apache.catalina.core.AprLifecycleListener Line:180 - The APR based Apache Tomcat Native library which allows optimal performance in production environments was not found on the java.library.path: [D:\Program Files\Java\jre1.8.0_161\bin;C:\Windows\Sun\Java\bin;C:\Windows\system32;C:\Windows;D:/Program Files/Java/jre1.8.0_161/bin/server;D:/Program Files/Java/jre1.8.0_161/bin;D:/Program Files/Java/jre1.8.0_161/lib/amd64;C:\ProgramData\Oracle\Java\javapath;C:\Windows\system32;C:\Windows;C:\Windows\System32\Wbem;C:\Windows\System32\WindowsPowerShell\v1.0\;C:\Program Files (x86)\NVIDIA Corporation\PhysX\Common;D:\Program Files\TortoiseGit\bin;D:\Program Files\Git\cmd;D:\Program Files\Java\jdk1.8.0_161\bin;D:\Program\mysql-5.7.23-winx64\bin;C:\Program Files\nodejs\;C:\Users\Administrator\AppData\Roaming\npm;C:\Users\Administrator\Desktop;;.]
2018-11-26 18:23:25.728 INFO  org.apache.catalina.core.ContainerBase.[Tomcat].[localhost].[/] Line:180 - Initializing Spring embedded WebApplicationContext
2018-11-26 18:23:25.729 INFO  org.springframework.web.context.ContextLoader Line:99  - Root WebApplicationContext: initialization completed in 2718 ms
2018-11-26 18:23:26.003 INFO  com.netflix.config.sources.URLConfigurationSource Line:122 - To enable URLs as dynamic configuration sources, define System property archaius.configurationSource.additionalUrls or make config.properties available on classpath.
2018-11-26 18:23:26.017 INFO  com.netflix.config.DynamicPropertyFactory Line:281 - DynamicPropertyFactory is initialized with configuration sources: com.netflix.config.ConcurrentCompositeConfiguration@603d106a
2018-11-26 18:23:26.388 INFO  com.alibaba.druid.spring.boot.autoconfigure.DruidDataSourceAutoConfigure Line:56  - Init DruidDataSource
2018-11-26 18:23:31.229 INFO  com.alibaba.druid.pool.DruidDataSource Line:930 - {dataSource-1} inited
2018-11-26 18:23:31.254 INFO  org.apache.catalina.core.StandardService Line:180 - Stopping service [Tomcat]
2018-11-26 18:25:46.359 INFO  org.springframework.context.annotation.AnnotationConfigApplicationContext Line:99  - Refreshing org.springframework.context.annotation.AnnotationConfigApplicationContext@3bd82cf5: startup date [Mon Nov 26 18:25:46 CST 2018]; root of context hierarchy
2018-11-26 18:25:46.834 INFO  org.springframework.beans.factory.annotation.AutowiredAnnotationBeanPostProcessor Line:99  - JSR-330 'javax.inject.Inject' annotation found and supported for autowiring
2018-11-26 18:25:46.860 INFO  org.springframework.context.support.PostProcessorRegistrationDelegate$BeanPostProcessorChecker Line:99  - Bean 'configurationPropertiesRebinderAutoConfiguration' of type [org.springframework.cloud.autoconfigure.ConfigurationPropertiesRebinderAutoConfiguration$$EnhancerBySpringCGLIB$$cc7f7ba2] is not eligible for getting processed by all BeanPostProcessors (for example: not eligible for auto-proxying)
2018-11-26 18:25:47.102 INFO  com.system.SystemAdminApplication Line:99  - No active profile set, falling back to default profiles: default
2018-11-26 18:25:47.116 INFO  org.springframework.boot.web.servlet.context.AnnotationConfigServletWebServerApplicationContext Line:99  - Refreshing org.springframework.boot.web.servlet.context.AnnotationConfigServletWebServerApplicationContext@421bba99: startup date [Mon Nov 26 18:25:47 CST 2018]; parent: org.springframework.context.annotation.AnnotationConfigApplicationContext@3bd82cf5
2018-11-26 18:25:48.617 INFO  org.springframework.cloud.context.scope.GenericScope Line:99  - BeanFactory id=1f4e92db-fbed-3b5a-8f5e-7967d76ed828
2018-11-26 18:25:48.635 INFO  org.springframework.beans.factory.annotation.AutowiredAnnotationBeanPostProcessor Line:99  - JSR-330 'javax.inject.Inject' annotation found and supported for autowiring
2018-11-26 18:25:49.102 INFO  org.springframework.context.support.PostProcessorRegistrationDelegate$BeanPostProcessorChecker Line:99  - Bean 'org.springframework.transaction.annotation.ProxyTransactionManagementConfiguration' of type [org.springframework.transaction.annotation.ProxyTransactionManagementConfiguration$$EnhancerBySpringCGLIB$$b06578a5] is not eligible for getting processed by all BeanPostProcessors (for example: not eligible for auto-proxying)
2018-11-26 18:25:49.168 INFO  org.springframework.context.support.PostProcessorRegistrationDelegate$BeanPostProcessorChecker Line:99  - Bean 'org.springframework.cloud.autoconfigure.ConfigurationPropertiesRebinderAutoConfiguration' of type [org.springframework.cloud.autoconfigure.ConfigurationPropertiesRebinderAutoConfiguration$$EnhancerBySpringCGLIB$$cc7f7ba2] is not eligible for getting processed by all BeanPostProcessors (for example: not eligible for auto-proxying)
2018-11-26 18:25:49.744 INFO  org.springframework.boot.web.embedded.tomcat.TomcatWebServer Line:99  - Tomcat initialized with port(s): 9012 (http)
2018-11-26 18:25:49.764 INFO  org.apache.catalina.core.StandardService Line:180 - Starting service [Tomcat]
2018-11-26 18:25:49.765 INFO  org.apache.catalina.core.StandardEngine Line:180 - Starting Servlet Engine: Apache Tomcat/8.5.32
2018-11-26 18:25:49.773 INFO  org.apache.catalina.core.AprLifecycleListener Line:180 - The APR based Apache Tomcat Native library which allows optimal performance in production environments was not found on the java.library.path: [D:\Program Files\Java\jre1.8.0_161\bin;C:\Windows\Sun\Java\bin;C:\Windows\system32;C:\Windows;D:/Program Files/Java/jre1.8.0_161/bin/server;D:/Program Files/Java/jre1.8.0_161/bin;D:/Program Files/Java/jre1.8.0_161/lib/amd64;C:\ProgramData\Oracle\Java\javapath;C:\Windows\system32;C:\Windows;C:\Windows\System32\Wbem;C:\Windows\System32\WindowsPowerShell\v1.0\;C:\Program Files (x86)\NVIDIA Corporation\PhysX\Common;D:\Program Files\TortoiseGit\bin;D:\Program Files\Git\cmd;D:\Program Files\Java\jdk1.8.0_161\bin;D:\Program\mysql-5.7.23-winx64\bin;C:\Program Files\nodejs\;C:\Users\Administrator\AppData\Roaming\npm;C:\Users\Administrator\Desktop;;.]
2018-11-26 18:25:49.915 INFO  org.apache.catalina.core.ContainerBase.[Tomcat].[localhost].[/] Line:180 - Initializing Spring embedded WebApplicationContext
2018-11-26 18:25:49.915 INFO  org.springframework.web.context.ContextLoader Line:99  - Root WebApplicationContext: initialization completed in 2799 ms
2018-11-26 18:25:50.175 INFO  com.netflix.config.sources.URLConfigurationSource Line:122 - To enable URLs as dynamic configuration sources, define System property archaius.configurationSource.additionalUrls or make config.properties available on classpath.
2018-11-26 18:25:50.188 INFO  com.netflix.config.DynamicPropertyFactory Line:281 - DynamicPropertyFactory is initialized with configuration sources: com.netflix.config.ConcurrentCompositeConfiguration@7a3dc69e
2018-11-26 18:25:50.635 INFO  com.alibaba.druid.spring.boot.autoconfigure.DruidDataSourceAutoConfigure Line:56  - Init DruidDataSource
2018-11-26 18:25:53.148 INFO  com.alibaba.druid.pool.DruidDataSource Line:930 - {dataSource-1} inited
2018-11-26 18:25:53.915 INFO  org.springframework.boot.web.servlet.FilterRegistrationBean Line:99  - Mapping filter: 'characterEncodingFilter' to: [/*]
2018-11-26 18:25:53.916 INFO  org.springframework.boot.web.servlet.FilterRegistrationBean Line:99  - Mapping filter: 'webMvcMetricsFilter' to: [/*]
2018-11-26 18:25:53.917 INFO  org.springframework.boot.web.servlet.FilterRegistrationBean Line:99  - Mapping filter: 'tracingFilter' to: [/*]
2018-11-26 18:25:53.917 INFO  org.springframework.boot.web.servlet.FilterRegistrationBean Line:99  - Mapping filter: 'exceptionLoggingFilter' to: [/*]
2018-11-26 18:25:53.917 INFO  org.springframework.boot.web.servlet.FilterRegistrationBean Line:99  - Mapping filter: 'httpTraceFilter' to: [/*]
2018-11-26 18:25:53.917 INFO  org.springframework.boot.web.servlet.FilterRegistrationBean Line:99  - Mapping filter: 'webStatFilter' to urls: [/*]
2018-11-26 18:25:53.918 INFO  org.springframework.boot.web.servlet.ServletRegistrationBean Line:99  - Servlet dispatcherServlet mapped to [/]
2018-11-26 18:25:53.919 INFO  org.springframework.boot.web.servlet.ServletRegistrationBean Line:99  - Servlet statViewServlet mapped to [/druid/*]
2018-11-26 18:25:53.984 INFO  com.system.dao.BaseDao Line:56  - Dao实现类是：com.system.bean.Admin
2018-11-26 18:25:53.985 INFO  com.system.dao.BaseDao Line:60  - 表名是：sys_admin
2018-11-26 18:25:53.986 INFO  com.system.dao.BaseDao Line:63  - 主键字段是：id
2018-11-26 18:25:54.056 INFO  com.system.dao.BaseDao Line:56  - Dao实现类是：com.system.bean.Dictionary
2018-11-26 18:25:54.057 INFO  com.system.dao.BaseDao Line:60  - 表名是：sys_dictionary
2018-11-26 18:25:54.057 INFO  com.system.dao.BaseDao Line:63  - 主键字段是：id
2018-11-26 18:25:54.093 INFO  com.system.dao.BaseDao Line:56  - Dao实现类是：com.system.bean.Permission
2018-11-26 18:25:54.094 INFO  com.system.dao.BaseDao Line:60  - 表名是：sys_permission
2018-11-26 18:25:54.094 INFO  com.system.dao.BaseDao Line:63  - 主键字段是：id
2018-11-26 18:25:54.119 INFO  com.system.dao.BaseDao Line:56  - Dao实现类是：com.system.bean.Role
2018-11-26 18:25:54.119 INFO  com.system.dao.BaseDao Line:60  - 表名是：sys_role
2018-11-26 18:25:54.120 INFO  com.system.dao.BaseDao Line:63  - 主键字段是：id
2018-11-26 18:25:54.143 INFO  com.system.dao.BaseDao Line:56  - Dao实现类是：com.system.bean.RolePer
2018-11-26 18:25:54.143 INFO  com.system.dao.BaseDao Line:60  - 表名是：sys_role_per
2018-11-26 18:25:54.143 INFO  com.system.dao.BaseDao Line:63  - 主键字段是：null
2018-11-26 18:25:54.606 INFO  org.springframework.web.servlet.mvc.method.annotation.RequestMappingHandlerMapping Line:99  - Mapped "{[/admin],methods=[PUT],produces=[application/json;charset=UTF-8]}" onto public java.lang.String com.system.controller.AdminController.update(com.system.bean.Admin)
2018-11-26 18:25:54.607 INFO  org.springframework.web.servlet.mvc.method.annotation.RequestMappingHandlerMapping Line:99  - Mapped "{[/admin],methods=[POST],produces=[application/json;charset=UTF-8]}" onto public java.lang.String com.system.controller.AdminController.addAdmin(com.system.bean.Admin,javax.servlet.http.HttpServletRequest)
2018-11-26 18:25:54.608 INFO  org.springframework.web.servlet.mvc.method.annotation.RequestMappingHandlerMapping Line:99  - Mapped "{[/admin/login],methods=[POST]}" onto public com.system.bean.Admin com.system.controller.AdminController.login(java.lang.String,java.lang.String,javax.servlet.http.HttpServletRequest)
2018-11-26 18:25:54.608 INFO  org.springframework.web.servlet.mvc.method.annotation.RequestMappingHandlerMapping Line:99  - Mapped "{[/admin/{id}],methods=[GET],produces=[application/json;charset=UTF-8]}" onto public java.lang.String com.system.controller.AdminController.getAdminById(java.lang.Integer)
2018-11-26 18:25:54.609 INFO  org.springframework.web.servlet.mvc.method.annotation.RequestMappingHandlerMapping Line:99  - Mapped "{[/admin/page/{page}],methods=[GET],produces=[application/json;charset=UTF-8]}" onto public java.lang.String com.system.controller.AdminController.getAdminPage(java.lang.Integer,java.lang.Integer)
2018-11-26 18:25:54.609 INFO  org.springframework.web.servlet.mvc.method.annotation.RequestMappingHandlerMapping Line:99  - Mapped "{[/admin/checkAccount],methods=[POST],produces=[application/json;charset=UTF-8]}" onto public java.lang.String com.system.controller.AdminController.checkAccount(java.lang.String,java.lang.Integer)
2018-11-26 18:25:54.610 INFO  org.springframework.web.servlet.mvc.method.annotation.RequestMappingHandlerMapping Line:99  - Mapped "{[/admin/{id}],methods=[DELETE],produces=[application/json;charset=UTF-8]}" onto public java.lang.String com.system.controller.AdminController.delAdmin(java.lang.Integer[])
2018-11-26 18:25:54.612 INFO  org.springframework.web.servlet.mvc.method.annotation.RequestMappingHandlerMapping Line:99  - Mapped "{[/dic],methods=[POST],produces=[application/json;charset=UTF-8]}" onto public java.lang.String com.system.controller.DictionaryController.add(com.system.bean.Dictionary)
2018-11-26 18:25:54.613 INFO  org.springframework.web.servlet.mvc.method.annotation.RequestMappingHandlerMapping Line:99  - Mapped "{[/dic],methods=[PUT],produces=[application/json;charset=UTF-8]}" onto public java.lang.String com.system.controller.DictionaryController.update(com.system.bean.Dictionary)
2018-11-26 18:25:54.613 INFO  org.springframework.web.servlet.mvc.method.annotation.RequestMappingHandlerMapping Line:99  - Mapped "{[/dic/name],methods=[GET],produces=[application/json;charset=UTF-8]}" onto public java.lang.String com.system.controller.DictionaryController.getName(java.lang.String,java.lang.String)
2018-11-26 18:25:54.614 INFO  org.springframework.web.servlet.mvc.method.annotation.RequestMappingHandlerMapping Line:99  - Mapped "{[/dic],methods=[DELETE],produces=[application/json;charset=UTF-8]}" onto public java.lang.String com.system.controller.DictionaryController.delete(java.lang.Integer[])
2018-11-26 18:25:54.614 INFO  org.springframework.web.servlet.mvc.method.annotation.RequestMappingHandlerMapping Line:99  - Mapped "{[/dic/check/value],methods=[GET],produces=[application/json;charset=UTF-8]}" onto public java.lang.String com.system.controller.DictionaryController.checkValue(java.lang.String,java.lang.Integer,java.lang.Integer)
2018-11-26 18:25:54.615 INFO  org.springframework.web.servlet.mvc.method.annotation.RequestMappingHandlerMapping Line:99  - Mapped "{[/dic/page/{page}],methods=[GET],produces=[application/json;charset=UTF-8]}" onto public java.lang.String com.system.controller.DictionaryController.getPage(java.lang.Integer,java.lang.Integer)
2018-11-26 18:25:54.615 INFO  org.springframework.web.servlet.mvc.method.annotation.RequestMappingHandlerMapping Line:99  - Mapped "{[/dic/{id}],methods=[GET],produces=[application/json;charset=UTF-8]}" onto public java.lang.String com.system.controller.DictionaryController.getDictionary(java.lang.Integer)
2018-11-26 18:25:54.616 INFO  org.springframework.web.servlet.mvc.method.annotation.RequestMappingHandlerMapping Line:99  - Mapped "{[/dic/check/code],methods=[GET],produces=[application/json;charset=UTF-8]}" onto public java.lang.String com.system.controller.DictionaryController.checkCode(java.lang.String,java.lang.Integer)
2018-11-26 18:25:54.619 INFO  org.springframework.web.servlet.mvc.method.annotation.RequestMappingHandlerMapping Line:99  - Mapped "{[/per/checkPath],methods=[GET],produces=[application/json;charset=UTF-8]}" onto public java.lang.String com.system.controller.PermissionController.checkPath(java.lang.String,java.lang.Integer,java.lang.Integer)
2018-11-26 18:25:54.620 INFO  org.springframework.web.servlet.mvc.method.annotation.RequestMappingHandlerMapping Line:99  - Mapped "{[/per/{id}],methods=[GET],produces=[application/json;charset=UTF-8]}" onto public java.lang.String com.system.controller.PermissionController.getPermissionById(java.lang.Integer)
2018-11-26 18:25:54.621 INFO  org.springframework.web.servlet.mvc.method.annotation.RequestMappingHandlerMapping Line:99  - Mapped "{[/per],methods=[POST],produces=[application/json;charset=UTF-8]}" onto public java.lang.String com.system.controller.PermissionController.addPermission(com.system.bean.Permission)
2018-11-26 18:25:54.622 INFO  org.springframework.web.servlet.mvc.method.annotation.RequestMappingHandlerMapping Line:99  - Mapped "{[/per/list],methods=[POST]}" onto public java.util.List<com.system.bean.Permission> com.system.controller.PermissionController.getRoleFunction(int)
2018-11-26 18:25:54.622 INFO  org.springframework.web.servlet.mvc.method.annotation.RequestMappingHandlerMapping Line:99  - Mapped "{[/per],methods=[PUT],produces=[application/json;charset=UTF-8]}" onto public java.lang.String com.system.controller.PermissionController.updatePermission(com.system.bean.Permission)
2018-11-26 18:25:54.623 INFO  org.springframework.web.servlet.mvc.method.annotation.RequestMappingHandlerMapping Line:99  - Mapped "{[/per/{id}],methods=[DELETE],produces=[application/json;charset=UTF-8]}" onto public java.lang.String com.system.controller.PermissionController.deletePermission(java.lang.Integer)
2018-11-26 18:25:54.623 INFO  org.springframework.web.servlet.mvc.method.annotation.RequestMappingHandlerMapping Line:99  - Mapped "{[/per],methods=[GET],produces=[application/json;charset=UTF-8]}" onto public java.lang.String com.system.controller.PermissionController.getTreeList()
2018-11-26 18:25:54.628 INFO  org.springframework.web.servlet.mvc.method.annotation.RequestMappingHandlerMapping Line:99  - Mapped "{[/role/{id}],methods=[GET],produces=[application/json;charset=UTF-8]}" onto public java.lang.String com.system.controller.RoleController.getRole(java.lang.Integer)
2018-11-26 18:25:54.629 INFO  org.springframework.web.servlet.mvc.method.annotation.RequestMappingHandlerMapping Line:99  - Mapped "{[/role],methods=[POST],produces=[application/json;charset=UTF-8]}" onto public java.lang.String com.system.controller.RoleController.addRole(com.system.bean.Role)
2018-11-26 18:25:54.630 INFO  org.springframework.web.servlet.mvc.method.annotation.RequestMappingHandlerMapping Line:99  - Mapped "{[/role/page/{page}],methods=[GET],produces=[application/json;charset=UTF-8]}" onto public java.lang.String com.system.controller.RoleController.getPage(java.lang.Integer,java.lang.Integer)
2018-11-26 18:25:54.630 INFO  org.springframework.web.servlet.mvc.method.annotation.RequestMappingHandlerMapping Line:99  - Mapped "{[/role/per/list/{role}],methods=[GET],produces=[application/json;charset=UTF-8]}" onto public java.lang.String com.system.controller.RoleController.getTreeList(java.lang.Integer)
2018-11-26 18:25:54.631 INFO  org.springframework.web.servlet.mvc.method.annotation.RequestMappingHandlerMapping Line:99  - Mapped "{[/role],methods=[PUT],produces=[application/json;charset=UTF-8]}" onto public java.lang.String com.system.controller.RoleController.updateRole(com.system.bean.Role)
2018-11-26 18:25:54.631 INFO  org.springframework.web.servlet.mvc.method.annotation.RequestMappingHandlerMapping Line:99  - Mapped "{[/role],methods=[GET],produces=[application/json;charset=UTF-8]}" onto public java.lang.String com.system.controller.RoleController.getList()
2018-11-26 18:25:54.632 INFO  org.springframework.web.servlet.mvc.method.annotation.RequestMappingHandlerMapping Line:99  - Mapped "{[/role/{ids}],methods=[DELETE]}" onto public java.lang.String com.system.controller.RoleController.deleteRole(java.lang.Integer[])
2018-11-26 18:25:54.632 INFO  org.springframework.web.servlet.mvc.method.annotation.RequestMappingHandlerMapping Line:99  - Mapped "{[/role/per/{role}],methods=[POST],produces=[application/json;charset=UTF-8]}" onto public java.lang.String com.system.controller.RoleController.addRolePer(java.lang.Integer,java.lang.String)
2018-11-26 18:25:54.633 INFO  org.springframework.web.servlet.mvc.method.annotation.RequestMappingHandlerMapping Line:99  - Mapped "{[/role/per/{role}],methods=[GET],produces=[application/json;charset=UTF-8]}" onto public java.lang.String com.system.controller.RoleController.getRolePer(java.lang.Integer)
2018-11-26 18:25:54.634 INFO  org.springframework.web.servlet.mvc.method.annotation.RequestMappingHandlerMapping Line:99  - Mapped "{[/v2/api-docs],methods=[GET],produces=[application/json || application/hal+json]}" onto public org.springframework.http.ResponseEntity<springfox.documentation.spring.web.json.Json> springfox.documentation.swagger2.web.Swagger2Controller.getDocumentation(java.lang.String,javax.servlet.http.HttpServletRequest)
2018-11-26 18:25:54.725 INFO  org.springframework.web.servlet.mvc.method.annotation.RequestMappingHandlerMapping Line:99  - Mapped "{[/swagger-resources/configuration/ui]}" onto org.springframework.http.ResponseEntity<springfox.documentation.swagger.web.UiConfiguration> springfox.documentation.swagger.web.ApiResourceController.uiConfiguration()
2018-11-26 18:25:54.726 INFO  org.springframework.web.servlet.mvc.method.annotation.RequestMappingHandlerMapping Line:99  - Mapped "{[/swagger-resources]}" onto org.springframework.http.ResponseEntity<java.util.List<springfox.documentation.swagger.web.SwaggerResource>> springfox.documentation.swagger.web.ApiResourceController.swaggerResources()
2018-11-26 18:25:54.728 INFO  org.springframework.web.servlet.mvc.method.annotation.RequestMappingHandlerMapping Line:99  - Mapped "{[/swagger-resources/configuration/security]}" onto org.springframework.http.ResponseEntity<springfox.documentation.swagger.web.SecurityConfiguration> springfox.documentation.swagger.web.ApiResourceController.securityConfiguration()
2018-11-26 18:25:54.731 INFO  org.springframework.web.servlet.mvc.method.annotation.RequestMappingHandlerMapping Line:99  - Mapped "{[/error]}" onto public org.springframework.http.ResponseEntity<java.util.Map<java.lang.String, java.lang.Object>> org.springframework.boot.autoconfigure.web.servlet.error.BasicErrorController.error(javax.servlet.http.HttpServletRequest)
2018-11-26 18:25:54.731 INFO  org.springframework.web.servlet.mvc.method.annotation.RequestMappingHandlerMapping Line:99  - Mapped "{[/error],produces=[text/html]}" onto public org.springframework.web.servlet.ModelAndView org.springframework.boot.autoconfigure.web.servlet.error.BasicErrorController.errorHtml(javax.servlet.http.HttpServletRequest,javax.servlet.http.HttpServletResponse)
2018-11-26 18:25:54.856 INFO  org.springframework.boot.actuate.endpoint.web.EndpointLinksResolver Line:99  - Exposing 18 endpoint(s) beneath base path '/actuator'
2018-11-26 18:25:54.867 INFO  org.springframework.boot.actuate.endpoint.web.servlet.WebMvcEndpointHandlerMapping Line:99  - Mapped "{[/actuator/archaius],methods=[GET],produces=[application/vnd.spring-boot.actuator.v2+json || application/json]}" onto public java.lang.Object org.springframework.boot.actuate.endpoint.web.servlet.AbstractWebMvcEndpointHandlerMapping$OperationHandler.handle(javax.servlet.http.HttpServletRequest,java.util.Map<java.lang.String, java.lang.String>)
2018-11-26 18:25:54.867 INFO  org.springframework.boot.actuate.endpoint.web.servlet.WebMvcEndpointHandlerMapping Line:99  - Mapped "{[/actuator/auditevents],methods=[GET],produces=[application/vnd.spring-boot.actuator.v2+json || application/json]}" onto public java.lang.Object org.springframework.boot.actuate.endpoint.web.servlet.AbstractWebMvcEndpointHandlerMapping$OperationHandler.handle(javax.servlet.http.HttpServletRequest,java.util.Map<java.lang.String, java.lang.String>)
2018-11-26 18:25:54.868 INFO  org.springframework.boot.actuate.endpoint.web.servlet.WebMvcEndpointHandlerMapping Line:99  - Mapped "{[/actuator/beans],methods=[GET],produces=[application/vnd.spring-boot.actuator.v2+json || application/json]}" onto public java.lang.Object org.springframework.boot.actuate.endpoint.web.servlet.AbstractWebMvcEndpointHandlerMapping$OperationHandler.handle(javax.servlet.http.HttpServletRequest,java.util.Map<java.lang.String, java.lang.String>)
2018-11-26 18:25:54.869 INFO  org.springframework.boot.actuate.endpoint.web.servlet.WebMvcEndpointHandlerMapping Line:99  - Mapped "{[/actuator/health],methods=[GET],produces=[application/vnd.spring-boot.actuator.v2+json || application/json]}" onto public java.lang.Object org.springframework.boot.actuate.endpoint.web.servlet.AbstractWebMvcEndpointHandlerMapping$OperationHandler.handle(javax.servlet.http.HttpServletRequest,java.util.Map<java.lang.String, java.lang.String>)
2018-11-26 18:25:54.869 INFO  org.springframework.boot.actuate.endpoint.web.servlet.WebMvcEndpointHandlerMapping Line:99  - Mapped "{[/actuator/conditions],methods=[GET],produces=[application/vnd.spring-boot.actuator.v2+json || application/json]}" onto public java.lang.Object org.springframework.boot.actuate.endpoint.web.servlet.AbstractWebMvcEndpointHandlerMapping$OperationHandler.handle(javax.servlet.http.HttpServletRequest,java.util.Map<java.lang.String, java.lang.String>)
2018-11-26 18:25:54.869 INFO  org.springframework.boot.actuate.endpoint.web.servlet.WebMvcEndpointHandlerMapping Line:99  - Mapped "{[/actuator/configprops],methods=[GET],produces=[application/vnd.spring-boot.actuator.v2+json || application/json]}" onto public java.lang.Object org.springframework.boot.actuate.endpoint.web.servlet.AbstractWebMvcEndpointHandlerMapping$OperationHandler.handle(javax.servlet.http.HttpServletRequest,java.util.Map<java.lang.String, java.lang.String>)
2018-11-26 18:25:54.871 INFO  org.springframework.boot.actuate.endpoint.web.servlet.WebMvcEndpointHandlerMapping Line:99  - Mapped "{[/actuator/env],methods=[GET],produces=[application/vnd.spring-boot.actuator.v2+json || application/json]}" onto public java.lang.Object org.springframework.boot.actuate.endpoint.web.servlet.AbstractWebMvcEndpointHandlerMapping$OperationHandler.handle(javax.servlet.http.HttpServletRequest,java.util.Map<java.lang.String, java.lang.String>)
2018-11-26 18:25:54.872 INFO  org.springframework.boot.actuate.endpoint.web.servlet.WebMvcEndpointHandlerMapping Line:99  - Mapped "{[/actuator/env/{toMatch}],methods=[GET],produces=[application/vnd.spring-boot.actuator.v2+json || application/json]}" onto public java.lang.Object org.springframework.boot.actuate.endpoint.web.servlet.AbstractWebMvcEndpointHandlerMapping$OperationHandler.handle(javax.servlet.http.HttpServletRequest,java.util.Map<java.lang.String, java.lang.String>)
2018-11-26 18:25:54.873 INFO  org.springframework.boot.actuate.endpoint.web.servlet.WebMvcEndpointHandlerMapping Line:99  - Mapped "{[/actuator/env],methods=[POST],consumes=[application/vnd.spring-boot.actuator.v2+json || application/json],produces=[application/vnd.spring-boot.actuator.v2+json || application/json]}" onto public java.lang.Object org.springframework.boot.actuate.endpoint.web.servlet.AbstractWebMvcEndpointHandlerMapping$OperationHandler.handle(javax.servlet.http.HttpServletRequest,java.util.Map<java.lang.String, java.lang.String>)
2018-11-26 18:25:54.873 INFO  org.springframework.boot.actuate.endpoint.web.servlet.WebMvcEndpointHandlerMapping Line:99  - Mapped "{[/actuator/env],methods=[DELETE],produces=[application/vnd.spring-boot.actuator.v2+json || application/json]}" onto public java.lang.Object org.springframework.boot.actuate.endpoint.web.servlet.AbstractWebMvcEndpointHandlerMapping$OperationHandler.handle(javax.servlet.http.HttpServletRequest,java.util.Map<java.lang.String, java.lang.String>)
2018-11-26 18:25:54.874 INFO  org.springframework.boot.actuate.endpoint.web.servlet.WebMvcEndpointHandlerMapping Line:99  - Mapped "{[/actuator/info],methods=[GET],produces=[application/vnd.spring-boot.actuator.v2+json || application/json]}" onto public java.lang.Object org.springframework.boot.actuate.endpoint.web.servlet.AbstractWebMvcEndpointHandlerMapping$OperationHandler.handle(javax.servlet.http.HttpServletRequest,java.util.Map<java.lang.String, java.lang.String>)
2018-11-26 18:25:54.874 INFO  org.springframework.boot.actuate.endpoint.web.servlet.WebMvcEndpointHandlerMapping Line:99  - Mapped "{[/actuator/loggers],methods=[GET],produces=[application/vnd.spring-boot.actuator.v2+json || application/json]}" onto public java.lang.Object org.springframework.boot.actuate.endpoint.web.servlet.AbstractWebMvcEndpointHandlerMapping$OperationHandler.handle(javax.servlet.http.HttpServletRequest,java.util.Map<java.lang.String, java.lang.String>)
2018-11-26 18:25:54.874 INFO  org.springframework.boot.actuate.endpoint.web.servlet.WebMvcEndpointHandlerMapping Line:99  - Mapped "{[/actuator/loggers/{name}],methods=[POST],consumes=[application/vnd.spring-boot.actuator.v2+json || application/json]}" onto public java.lang.Object org.springframework.boot.actuate.endpoint.web.servlet.AbstractWebMvcEndpointHandlerMapping$OperationHandler.handle(javax.servlet.http.HttpServletRequest,java.util.Map<java.lang.String, java.lang.String>)
2018-11-26 18:25:54.875 INFO  org.springframework.boot.actuate.endpoint.web.servlet.WebMvcEndpointHandlerMapping Line:99  - Mapped "{[/actuator/loggers/{name}],methods=[GET],produces=[application/vnd.spring-boot.actuator.v2+json || application/json]}" onto public java.lang.Object org.springframework.boot.actuate.endpoint.web.servlet.AbstractWebMvcEndpointHandlerMapping$OperationHandler.handle(javax.servlet.http.HttpServletRequest,java.util.Map<java.lang.String, java.lang.String>)
2018-11-26 18:25:54.875 INFO  org.springframework.boot.actuate.endpoint.web.servlet.WebMvcEndpointHandlerMapping Line:99  - Mapped "{[/actuator/heapdump],methods=[GET],produces=[application/octet-stream]}" onto public java.lang.Object org.springframework.boot.actuate.endpoint.web.servlet.AbstractWebMvcEndpointHandlerMapping$OperationHandler.handle(javax.servlet.http.HttpServletRequest,java.util.Map<java.lang.String, java.lang.String>)
2018-11-26 18:25:54.875 INFO  org.springframework.boot.actuate.endpoint.web.servlet.WebMvcEndpointHandlerMapping Line:99  - Mapped "{[/actuator/threaddump],methods=[GET],produces=[application/vnd.spring-boot.actuator.v2+json || application/json]}" onto public java.lang.Object org.springframework.boot.actuate.endpoint.web.servlet.AbstractWebMvcEndpointHandlerMapping$OperationHandler.handle(javax.servlet.http.HttpServletRequest,java.util.Map<java.lang.String, java.lang.String>)
2018-11-26 18:25:54.876 INFO  org.springframework.boot.actuate.endpoint.web.servlet.WebMvcEndpointHandlerMapping Line:99  - Mapped "{[/actuator/metrics],methods=[GET],produces=[application/vnd.spring-boot.actuator.v2+json || application/json]}" onto public java.lang.Object org.springframework.boot.actuate.endpoint.web.servlet.AbstractWebMvcEndpointHandlerMapping$OperationHandler.handle(javax.servlet.http.HttpServletRequest,java.util.Map<java.lang.String, java.lang.String>)
2018-11-26 18:25:54.876 INFO  org.springframework.boot.actuate.endpoint.web.servlet.WebMvcEndpointHandlerMapping Line:99  - Mapped "{[/actuator/metrics/{requiredMetricName}],methods=[GET],produces=[application/vnd.spring-boot.actuator.v2+json || application/json]}" onto public java.lang.Object org.springframework.boot.actuate.endpoint.web.servlet.AbstractWebMvcEndpointHandlerMapping$OperationHandler.handle(javax.servlet.http.HttpServletRequest,java.util.Map<java.lang.String, java.lang.String>)
2018-11-26 18:25:54.877 INFO  org.springframework.boot.actuate.endpoint.web.servlet.WebMvcEndpointHandlerMapping Line:99  - Mapped "{[/actuator/scheduledtasks],methods=[GET],produces=[application/vnd.spring-boot.actuator.v2+json || application/json]}" onto public java.lang.Object org.springframework.boot.actuate.endpoint.web.servlet.AbstractWebMvcEndpointHandlerMapping$OperationHandler.handle(javax.servlet.http.HttpServletRequest,java.util.Map<java.lang.String, java.lang.String>)
2018-11-26 18:25:54.877 INFO  org.springframework.boot.actuate.endpoint.web.servlet.WebMvcEndpointHandlerMapping Line:99  - Mapped "{[/actuator/httptrace],methods=[GET],produces=[application/vnd.spring-boot.actuator.v2+json || application/json]}" onto public java.lang.Object org.springframework.boot.actuate.endpoint.web.servlet.AbstractWebMvcEndpointHandlerMapping$OperationHandler.handle(javax.servlet.http.HttpServletRequest,java.util.Map<java.lang.String, java.lang.String>)
2018-11-26 18:25:54.878 INFO  org.springframework.boot.actuate.endpoint.web.servlet.WebMvcEndpointHandlerMapping Line:99  - Mapped "{[/actuator/mappings],methods=[GET],produces=[application/vnd.spring-boot.actuator.v2+json || application/json]}" onto public java.lang.Object org.springframework.boot.actuate.endpoint.web.servlet.AbstractWebMvcEndpointHandlerMapping$OperationHandler.handle(javax.servlet.http.HttpServletRequest,java.util.Map<java.lang.String, java.lang.String>)
2018-11-26 18:25:54.878 INFO  org.springframework.boot.actuate.endpoint.web.servlet.WebMvcEndpointHandlerMapping Line:99  - Mapped "{[/actuator/refresh],methods=[POST],produces=[application/vnd.spring-boot.actuator.v2+json || application/json]}" onto public java.lang.Object org.springframework.boot.actuate.endpoint.web.servlet.AbstractWebMvcEndpointHandlerMapping$OperationHandler.handle(javax.servlet.http.HttpServletRequest,java.util.Map<java.lang.String, java.lang.String>)
2018-11-26 18:25:54.879 INFO  org.springframework.boot.actuate.endpoint.web.servlet.WebMvcEndpointHandlerMapping Line:99  - Mapped "{[/actuator/features],methods=[GET],produces=[application/vnd.spring-boot.actuator.v2+json || application/json]}" onto public java.lang.Object org.springframework.boot.actuate.endpoint.web.servlet.AbstractWebMvcEndpointHandlerMapping$OperationHandler.handle(javax.servlet.http.HttpServletRequest,java.util.Map<java.lang.String, java.lang.String>)
2018-11-26 18:25:54.879 INFO  org.springframework.boot.actuate.endpoint.web.servlet.WebMvcEndpointHandlerMapping Line:99  - Mapped "{[/actuator/service-registry],methods=[GET],produces=[application/vnd.spring-boot.actuator.v2+json || application/json]}" onto public java.lang.Object org.springframework.boot.actuate.endpoint.web.servlet.AbstractWebMvcEndpointHandlerMapping$OperationHandler.handle(javax.servlet.http.HttpServletRequest,java.util.Map<java.lang.String, java.lang.String>)
2018-11-26 18:25:54.880 INFO  org.springframework.boot.actuate.endpoint.web.servlet.WebMvcEndpointHandlerMapping Line:99  - Mapped "{[/actuator/service-registry],methods=[POST],consumes=[application/vnd.spring-boot.actuator.v2+json || application/json],produces=[application/vnd.spring-boot.actuator.v2+json || application/json]}" onto public java.lang.Object org.springframework.boot.actuate.endpoint.web.servlet.AbstractWebMvcEndpointHandlerMapping$OperationHandler.handle(javax.servlet.http.HttpServletRequest,java.util.Map<java.lang.String, java.lang.String>)
2018-11-26 18:25:54.880 INFO  org.springframework.boot.actuate.endpoint.web.servlet.WebMvcEndpointHandlerMapping Line:99  - Mapped "{[/actuator],methods=[GET],produces=[application/vnd.spring-boot.actuator.v2+json || application/json]}" onto protected java.util.Map<java.lang.String, java.util.Map<java.lang.String, org.springframework.boot.actuate.endpoint.web.Link>> org.springframework.boot.actuate.endpoint.web.servlet.WebMvcEndpointHandlerMapping.links(javax.servlet.http.HttpServletRequest,javax.servlet.http.HttpServletResponse)
2018-11-26 18:25:55.100 INFO  org.springframework.web.servlet.handler.SimpleUrlHandlerMapping Line:99  - Mapped URL path [/static/**] onto handler of type [class org.springframework.web.servlet.resource.ResourceHttpRequestHandler]
2018-11-26 18:25:55.100 INFO  org.springframework.web.servlet.handler.SimpleUrlHandlerMapping Line:99  - Mapped URL path [/swagger-ui.html] onto handler of type [class org.springframework.web.servlet.resource.ResourceHttpRequestHandler]
2018-11-26 18:25:55.100 INFO  org.springframework.web.servlet.handler.SimpleUrlHandlerMapping Line:99  - Mapped URL path [/webjars/**] onto handler of type [class org.springframework.web.servlet.resource.ResourceHttpRequestHandler]
2018-11-26 18:25:55.160 INFO  org.springframework.web.servlet.mvc.method.annotation.RequestMappingHandlerAdapter Line:99  - Looking for @ControllerAdvice: org.springframework.boot.web.servlet.context.AnnotationConfigServletWebServerApplicationContext@421bba99: startup date [Mon Nov 26 18:25:47 CST 2018]; parent: org.springframework.context.annotation.AnnotationConfigApplicationContext@3bd82cf5
2018-11-26 18:25:55.255 INFO  com.netflix.config.sources.URLConfigurationSource Line:122 - To enable URLs as dynamic configuration sources, define System property archaius.configurationSource.additionalUrls or make config.properties available on classpath.
2018-11-26 18:25:56.446 INFO  org.springframework.jmx.export.annotation.AnnotationMBeanExporter Line:99  - Registering beans for JMX exposure on startup
2018-11-26 18:25:56.449 INFO  org.springframework.jmx.export.annotation.AnnotationMBeanExporter Line:99  - Bean with name 'statFilter' has been autodetected for JMX exposure
2018-11-26 18:25:56.449 INFO  org.springframework.jmx.export.annotation.AnnotationMBeanExporter Line:99  - Bean with name 'dataSource' has been autodetected for JMX exposure
2018-11-26 18:25:56.456 INFO  org.springframework.jmx.export.annotation.AnnotationMBeanExporter Line:99  - Bean with name 'environmentManager' has been autodetected for JMX exposure
2018-11-26 18:25:56.457 INFO  org.springframework.jmx.export.annotation.AnnotationMBeanExporter Line:99  - Bean with name 'refreshScope' has been autodetected for JMX exposure
2018-11-26 18:25:56.458 INFO  org.springframework.jmx.export.annotation.AnnotationMBeanExporter Line:99  - Bean with name 'configurationPropertiesRebinder' has been autodetected for JMX exposure
2018-11-26 18:25:56.462 INFO  org.springframework.jmx.export.annotation.AnnotationMBeanExporter Line:99  - Located managed bean 'environmentManager': registering with JMX server as MBean [org.springframework.cloud.context.environment:name=environmentManager,type=EnvironmentManager]
2018-11-26 18:25:56.472 INFO  org.springframework.jmx.export.annotation.AnnotationMBeanExporter Line:99  - Located managed bean 'refreshScope': registering with JMX server as MBean [org.springframework.cloud.context.scope.refresh:name=refreshScope,type=RefreshScope]
2018-11-26 18:25:56.483 INFO  org.springframework.jmx.export.annotation.AnnotationMBeanExporter Line:99  - Located managed bean 'configurationPropertiesRebinder': registering with JMX server as MBean [org.springframework.cloud.context.properties:name=configurationPropertiesRebinder,context=421bba99,type=ConfigurationPropertiesRebinder]
2018-11-26 18:25:56.488 INFO  org.springframework.jmx.export.annotation.AnnotationMBeanExporter Line:99  - Located MBean 'dataSource': registering with JMX server as MBean [com.alibaba.druid.spring.boot.autoconfigure:name=dataSource,type=DruidDataSourceWrapper]
2018-11-26 18:25:56.491 INFO  org.springframework.jmx.export.annotation.AnnotationMBeanExporter Line:99  - Located MBean 'statFilter': registering with JMX server as MBean [com.alibaba.druid.filter.stat:name=statFilter,type=StatFilter]
2018-11-26 18:25:56.499 INFO  org.springframework.context.support.DefaultLifecycleProcessor Line:99  - Starting beans in phase 0
2018-11-26 18:25:56.516 INFO  org.springframework.cloud.netflix.eureka.InstanceInfoFactory Line:99  - Setting initial instance status as: STARTING
2018-11-26 18:25:56.555 INFO  com.netflix.discovery.DiscoveryClient Line:349 - Initializing Eureka in region us-east-1
2018-11-26 18:25:56.759 INFO  com.netflix.discovery.provider.DiscoveryJerseyProvider Line:70  - Using JSON encoding codec LegacyJacksonJson
2018-11-26 18:25:56.760 INFO  com.netflix.discovery.provider.DiscoveryJerseyProvider Line:71  - Using JSON decoding codec LegacyJacksonJson
2018-11-26 18:25:56.874 INFO  com.netflix.discovery.provider.DiscoveryJerseyProvider Line:80  - Using XML encoding codec XStreamXml
2018-11-26 18:25:56.874 INFO  com.netflix.discovery.provider.DiscoveryJerseyProvider Line:81  - Using XML decoding codec XStreamXml
2018-11-26 18:25:57.237 INFO  com.netflix.discovery.shared.resolver.aws.ConfigClusterResolver Line:43  - Resolving eureka endpoints via configuration
2018-11-26 18:25:57.284 INFO  com.netflix.discovery.DiscoveryClient Line:958 - Disable delta property : false
2018-11-26 18:25:57.284 INFO  com.netflix.discovery.DiscoveryClient Line:959 - Single vip registry refresh property : null
2018-11-26 18:25:57.284 INFO  com.netflix.discovery.DiscoveryClient Line:960 - Force full registry fetch : false
2018-11-26 18:25:57.285 INFO  com.netflix.discovery.DiscoveryClient Line:961 - Application is null : false
2018-11-26 18:25:57.285 INFO  com.netflix.discovery.DiscoveryClient Line:962 - Registered Applications size is zero : true
2018-11-26 18:25:57.285 INFO  com.netflix.discovery.DiscoveryClient Line:964 - Application version is -1: true
2018-11-26 18:25:57.285 INFO  com.netflix.discovery.DiscoveryClient Line:1047 - Getting all instance registry info from the eureka server
2018-11-26 18:25:57.465 INFO  com.netflix.discovery.DiscoveryClient Line:1056 - The response status is 200
2018-11-26 18:25:57.467 INFO  com.netflix.discovery.DiscoveryClient Line:1264 - Starting heartbeat executor: renew interval is: 30
2018-11-26 18:25:57.470 INFO  com.netflix.discovery.InstanceInfoReplicator Line:60  - InstanceInfoReplicator onDemand update allowed rate per min is 4
2018-11-26 18:25:57.474 INFO  com.netflix.discovery.DiscoveryClient Line:449 - Discovery Client initialized at timestamp 1543227957473 with initial instances count: 1
2018-11-26 18:25:57.483 INFO  org.springframework.cloud.netflix.eureka.serviceregistry.EurekaServiceRegistry Line:99  - Registering application systemAdmin with eureka with status UP
2018-11-26 18:25:57.484 INFO  com.netflix.discovery.DiscoveryClient Line:1299 - Saw local status change event StatusChangeEvent [timestamp=1543227957484, current=UP, previous=STARTING]
2018-11-26 18:25:57.486 INFO  com.netflix.discovery.DiscoveryClient Line:826 - DiscoveryClient_SYSTEMADMIN/PC-201CINU:systemAdmin:9012: registering service...
2018-11-26 18:25:57.490 INFO  org.springframework.context.support.DefaultLifecycleProcessor Line:99  - Starting beans in phase 2147483647
2018-11-26 18:25:57.490 INFO  springfox.documentation.spring.web.plugins.DocumentationPluginsBootstrapper Line:120 - Context refreshed
2018-11-26 18:25:57.508 INFO  springfox.documentation.spring.web.plugins.DocumentationPluginsBootstrapper Line:123 - Found 1 custom documentation plugin(s)
2018-11-26 18:25:57.517 INFO  com.netflix.discovery.DiscoveryClient Line:835 - DiscoveryClient_SYSTEMADMIN/PC-201CINU:systemAdmin:9012 - registration status: 204
2018-11-26 18:25:57.532 INFO  springfox.documentation.spring.web.scanners.ApiListingReferenceScanner Line:41  - Scanning for api listing references
2018-11-26 18:25:57.759 INFO  springfox.documentation.spring.web.readers.operation.CachingOperationNameGenerator Line:40  - Generating unique operation named: updateUsingPUT_1
2018-11-26 18:25:57.802 INFO  springfox.documentation.spring.web.readers.operation.CachingOperationNameGenerator Line:40  - Generating unique operation named: getPageUsingGET_1
2018-11-26 18:25:57.811 INFO  springfox.documentation.spring.web.readers.operation.CachingOperationNameGenerator Line:40  - Generating unique operation named: getTreeListUsingGET_1
2018-11-26 18:25:57.858 INFO  org.springframework.boot.web.embedded.tomcat.TomcatWebServer Line:99  - Tomcat started on port(s): 9012 (http) with context path ''
2018-11-26 18:25:57.860 INFO  org.springframework.cloud.netflix.eureka.serviceregistry.EurekaAutoServiceRegistration Line:99  - Updating port to 9012
2018-11-26 18:25:57.863 INFO  com.system.SystemAdminApplication Line:99  - Started SystemAdminApplication in 12.26 seconds (JVM running for 12.595)
2018-11-26 18:29:47.534 INFO  org.apache.catalina.core.ContainerBase.[Tomcat].[localhost].[/] Line:180 - Initializing Spring FrameworkServlet 'dispatcherServlet'
2018-11-26 18:29:47.534 INFO  org.springframework.web.servlet.DispatcherServlet Line:99  - FrameworkServlet 'dispatcherServlet': initialization started
2018-11-26 18:29:47.670 INFO  org.springframework.web.servlet.DispatcherServlet Line:99  - FrameworkServlet 'dispatcherServlet': initialization completed in 135 ms
2018-11-26 18:29:47.739 INFO  com.system.controller.AdminController Line:44  - ===<call login, TraceId=null, SpanId=null>===
2018-11-26 18:30:57.317 INFO  com.netflix.discovery.shared.resolver.aws.ConfigClusterResolver Line:43  - Resolving eureka endpoints via configuration
2018-11-26 18:35:57.348 INFO  com.netflix.discovery.shared.resolver.aws.ConfigClusterResolver Line:43  - Resolving eureka endpoints via configuration
2018-11-26 18:40:57.379 INFO  com.netflix.discovery.shared.resolver.aws.ConfigClusterResolver Line:43  - Resolving eureka endpoints via configuration
2018-11-26 18:41:47.542 INFO  com.system.controller.AdminController Line:44  - ===<call login, TraceId=null, SpanId=null>===
2018-11-26 18:45:57.411 INFO  com.netflix.discovery.shared.resolver.aws.ConfigClusterResolver Line:43  - Resolving eureka endpoints via configuration
2018-11-26 18:50:57.443 INFO  com.netflix.discovery.shared.resolver.aws.ConfigClusterResolver Line:43  - Resolving eureka endpoints via configuration
2018-11-26 18:55:57.474 INFO  com.netflix.discovery.shared.resolver.aws.ConfigClusterResolver Line:43  - Resolving eureka endpoints via configuration
2018-11-26 19:00:57.505 INFO  com.netflix.discovery.shared.resolver.aws.ConfigClusterResolver Line:43  - Resolving eureka endpoints via configuration
2018-11-26 19:05:57.535 INFO  com.netflix.discovery.shared.resolver.aws.ConfigClusterResolver Line:43  - Resolving eureka endpoints via configuration
2018-11-26 19:10:57.567 INFO  com.netflix.discovery.shared.resolver.aws.ConfigClusterResolver Line:43  - Resolving eureka endpoints via configuration
2018-11-26 19:15:57.599 INFO  com.netflix.discovery.shared.resolver.aws.ConfigClusterResolver Line:43  - Resolving eureka endpoints via configuration
2018-11-26 19:20:57.629 INFO  com.netflix.discovery.shared.resolver.aws.ConfigClusterResolver Line:43  - Resolving eureka endpoints via configuration
2018-11-26 19:25:57.661 INFO  com.netflix.discovery.shared.resolver.aws.ConfigClusterResolver Line:43  - Resolving eureka endpoints via configuration
2018-11-26 19:30:57.695 INFO  com.netflix.discovery.shared.resolver.aws.ConfigClusterResolver Line:43  - Resolving eureka endpoints via configuration
2018-11-26 19:35:57.725 INFO  com.netflix.discovery.shared.resolver.aws.ConfigClusterResolver Line:43  - Resolving eureka endpoints via configuration
2018-11-26 19:40:57.754 INFO  com.netflix.discovery.shared.resolver.aws.ConfigClusterResolver Line:43  - Resolving eureka endpoints via configuration
